Case #1:
472826.3544951745
11059.94059658548
7811.695956223278
18313.067123068937
2.2989922920280218E8
8.64170501E8
472826.3544951745
472826.3544951745
88.28363381737299
Case #2:
239.64557162609955
10.000000000000002
1520.5457248327637
59926.562097984235
1622.5367197589717
740.9586642886709
44.77743520071984
1847.5007928032094
6582.629040048982
Case #3:
6187166.091208473
12606.688033992365
90387.21510811147
6.326277253157462E8
928486.2558598261
78429.99821286475
69505.41025256609
53190.19831241613
46813.31781712552
3.464101615137755
Case #4:
156911.50407519675
153.88957079672417
153.88957079672417
2.2192580516163164E8
1.5895902244998926E7
1278292.3507820882
1.0526354578447724E7
1.5895902244998926E7
Case #5:
6849608.17893018
44885.51332922825
9.756507049999999E8
Case #6:
48799.39036504457
4723388.653083719
1382874.344414241
44570.188242815435
1201012.1348744666
1.28537032177874E7
2.381380500000002E8
4.162182254053474E8
258160.2774048558
3002833.1377310813
Case #7:
298201.46246120275
80012.4804748173
4876.329407626241
1563361.6812496413
79163.66445535478
70600.22346115262
132072.43415148815
174601.21508394534
Case #8:
612.59285010519
1931.1402579423072
Case #9:
9.999999999999993E8
Case #10:
70847.11162519232
494573.59038738476
67603.16769895422
2.919844731042451E8
654.0378101598824
667332.1665065659
7.30571505339991E7
1.5690404437617583E7
1.159058596726791E7
6.459170927258397E8
Case #11:
5724246.675327684
181.01657382681842
1.0
Case #12:
5358536.312594516
3592595.35702004
1434.601648368319
4652.277292483748
7553.107390092278
25367.39243595998
3560453.0749283824
9511.70865136535
33628.7400241143
8467.13493000601
Case #13:
9.000000000000002
637622.2382795981
637622.2382795981
Case #14:
27109.57026586738
185255.1093824246
37660.48269866026
24524.987360649146
451280.400276328
272358.41329426575
44557.53152431292
419877.5840586516
Case #15:
2.8844991406148166
1355.1513421458428
141.99139791806238
4.0
3024.059343179056
2.449489742783178
349.5655792215997
Case #16:
4.999999999999999
18169.938200503653
1592.6792171563504
17698.507540669707
4.999999999999999
6006.953164901868
6797.313612032839
Case #17:
965.4023847102369
93.97856762011533
52762.59322664112
1967.468747221259
4429.930061164023
10051.314289639955
10614.787283750065
1772.395968730595
1512.6019106931924
Case #18:
1459.0146601554259
2387.3180455565953
38560.01999493826
2387.3180455565953
1095.7183746884016
86.15390845105803
1744.5175621963508
11086.75439432119
11086.75439432119
9.000000000000002
Case #19:
46319.55532124318
8881.253802091396
15813.61963153486
7667.530777142602
1401.3361719594104
35424.53475483241
6111.502409292946
39358.76583430934
Case #20:
3.755055709999996E8
36522.85842628432
275727.5549840032
41682.95652905306
Case #21:
231853.66908969168
1509506.9179686904
95322.27326286351
Case #22:
60093.757096723355
53473.999999999956
2113.338290702332
420.12855175529285
67532.99999999997
420.12855175529285
Case #23:
57895.52424376993
882.6870160078266
20.162017308839406
634.4761618847474
56558.02876159562
4811.255525929527
341958.58340200706
72669.99999999999
78766.3330220137
117.20969529224637
Case #24:
94.08747704093055
14625.49700775782
74639.68908697298
1008.8683308032985
47525.28625900109
56.98943068623199
Case #25:
5.0471380405881834E8
6.214465011907715
515444.74314052064
31.19847481091887
99.50582863593888
6.928203230275509
1318593.5847019067
Case #26:
1.132785197587846E7
695317.7186746496
246246.51828638295
317603.4300050088
385.5359905378484
6943850.274923018
362462.1394037731
33219.31454413858
180573.70420530203
362462.1394037731
Case #27:
900.8358124458911
261.94310849236365
35.9582850147816
81.49846624323678
131.60310555177733
3216.3090837682366
199855.05790196097
8.48528137423857
821.7137481895204
22099.728990606913
Case #28:
1254140.1136640825
58481.00000000004
1024289.0478401657
1024289.0478401657
1254140.1136640825
1254140.1136640825
588798.753725555
588798.753725555
1024289.0478401657
64302.278847642665
Case #29:
9.000000000000002
67007.45818190687
9.000000000000002
Case #30:
70136.59899795531
16223.193746178302
31599.47265249943
87117.10405785881
28620.390159628907
8436.893385843272
7809.607471775952
Case #31:
25890.000000000007
25890.000000000007
25890.000000000007
25890.000000000007
25890.000000000007
25890.000000000007
25890.000000000007
25890.000000000007
25890.000000000007
Case #32:
46489.23389360926
16682.914860402896
1950.3960712017827
4871.645987158066
5704.660810280206
3.155307059999995E8
Case #33:
42549.95705510279
Case #34:
6.644027539999989E8
7.585013889999987E8
7.09894648355954E8
7.09894648355954E8
6.644027539999989E8
7.585013889999987E8
7.585013889999987E8
6.644027539999989E8
Case #35:
6.32455532033676
6.32455532033676
10.000000000000002
91558.28209397559
91558.28209397559
6.32455532033676
10.000000000000002
Case #36:
2.7518772459723324E7
5.2436472011768985E8
2.7518772459723324E7
Case #37:
4.0088354130983776E8
4.9650406905464214E8
4.437047584859256E8
Case #38:
7.999999999999998
7.999999999999998
7.999999999999998
7.999999999999998
Case #39:
543.8769920893625
1356.3634447072172
56961.96160596996
1041.8330155669873
40.04465174017216
94.99168902363657
4.999999999999999
Case #40:
217.90177480666145
7036.623818177601
12430.467178906207
2087.549069423958
7036.623818177601
955.0148775309023
Case #41:
6.0
85418.14107670568
8.106954250000004E8
4.0
8.106954250000004E8
4.0
3078.8373113272482
Case #42:
2711941.252844353
8.008346700000006E7
Case #43:
5.241072204421782E7
4035275.6391888526
8495.65780695061
14264.349007500052
295969.18526089966
Case #44:
5614136.088198259
157922.65476553206
3817666.6904825894
Case #45:
79314.6123737612
25399.162899591804
Case #46:
6.999999999999999
Case #47:
5224.218065728682
Case #48:
56810.00000000003
56810.00000000003
56810.00000000003
56810.00000000003
56810.00000000003
56810.00000000003
56810.00000000003
56810.00000000003
56810.00000000003
Case #49:
4.903897719999992E8
2824045.280518068
2.8183851042264752E7
1222770.7040953871
6440010.418264552
1454500.8359713976
4.1499333543901384E7
3.3983822799999964E8
6183968.2297554705
479897.5879933301
Case #50:
7.955110335729489E8
2628.804970146859
3.162277660168379
4.481404746557165
Case #51:
8.75125508587049E8
9.765437910000013E8
8.75125508587049E8
7.842399519999993E8
8.75125508587049E8
7.842399519999993E8
Case #52:
3.741657386773941
2.449489742783178
3.0000000000000004
3.741657386773941
2.0
3.741657386773941
2.449489742783178
3.0000000000000004
6.999999999999999
Case #53:
79477.00000000003
1.0771055000000007E7
157062.1071122137
925230.3163185915
4526.000000000004
79477.00000000003
157062.1071122137
925230.3163185915
1.0771055000000007E7
Case #54:
10.000000000000002
10.000000000000002
10.000000000000002
10.000000000000002
10.000000000000002
10.000000000000002
10.000000000000002
10.000000000000002
10.000000000000002
10.000000000000002
Case #55:
345714.92857178306
8103.057092428161
18981.886734334472
102935.73396794614
972.4607961249643
23842.169934132657
24281.63315203723
8103.057092428161
181966.22442089103
32009.265485224427
Case #56:
13297.000000000007
5108245.522301609
1.865127111299541E7
8.331058830000006E8
8725205.761960004
7840009.536697009
4934510.923161346
Case #57:
5.194253979999991E8
1502775.642007385
7.745966692414836
354.2006823425167
1502775.642007385
22644.186685522036
1418751.715897349
576.1874694923519
25667.124632937957
7.745966692414836
Case #58:
1.0
2.0
Case #59:
99723.99999999994
18613.000000000004
34868.874171673524
43083.208004975626
49494.6791825891
34868.874171673524
34868.874171673524
43083.208004975626
34868.874171673524
Case #60:
4743182.596990556
7.999999999999998
2729.203815641594
496.94381649890727
304892.0338178026
Case #61:
1.414213562373095
2.449489742783178
Case #62:
32.0
32.0
32.0
32.0
32.0
32.0
32.0
32.0
32.0
Case #63:
1714412.0318492367
38896.1830665461
554.3955877068968
12877.396089765803
333.68248380758627
1833.364125351758
777.6974392000265
489.91868704872564
175.131997287994
4.473510537577244E8
Case #64:
3.872983346207417
2262.854090831527
Case #65:
2.5019237515639517E8
Case #66:
4.0
4.0
4.0
Case #67:
899.4361496123837
2522.1640613276304
2873.1988872371226
3268.1877521303463
2873.1988872371226
14943.451116713497
2115.3195978227855
5738.0400738020835
1340.0355127701
8811.893906758605
Case #68:
33432.6586092058
3.8132381900000066E8
23235.99999999998
33432.6586092058
Case #69:
356616.1768604255
Case #70:
524626.8822137658
1508959.1510049
46526.497718081104
704435.3325896538
132127.58542656666
7501497.830266804
885148.926990122
7501497.830266804
74989.33120117824
6.109891369999996E8
Case #71:
139.78634075917867
11795.640173333953
127.00431919507709
23156.46639709955
1573.077335434988
127.00431919507709
3.3823034452831674E8
7.999999999999998
47203.70870681494
882115.5179030673
Case #72:
8.122295590000004E8
1236434.1197778303
8.137246909999995E8
1211808.7417445744
44736.66366639334
8.37613717121281E8
6168718.24430027
8.37613717121281E8
Case #73:
59953.331228794035
Case #74:
3133.71000663308
324410.0525069121
34645.19584371229
34645.19584371229
2682.02971720151
21285.23286775741
194186.88639993317
5350.890612174996
2195849.7023539674
2.407146880000002E8
Case #75:
326.33428441821883
7.999999999999998
6334.2106350181975
317.6790833529964
335.2252973747655
167.61264868738272
14046.99999999999
Case #76:
413184.76912047394
3.0115162880509007E8
8.570082221176585E8
6458925.170703788
Case #77:
6.999999999999999
6.999999999999999
6.999999999999999
6.999999999999999
6.999999999999999
6.999999999999999
6.999999999999999
6.999999999999999
Case #78:
28869.36437690219
Case #79:
1804.0515035205417
4.0
68035.73781431056
68035.73781431056
576.7841884101886
38312.75675281016
Case #80:
834.4818751776459
6.999999999999999
834.4818751776459
834.4818751776459
Case #81:
2863.7752272365046
2863.7752272365046
1008503.7487609792
60329.309253463216
3.0000000000000004
5.916079783099615
27199.6883805679
31953.499365689244
1.7320508075688774
366047.88399600965
Case #82:
448.75134955107865
1.4344978352563668E7
10626.87369753914
56784.99999999996
10626.87369753914
392010.24717121857
44994.79518101143
43045.53520586385
63286.93626803164
5959434.097432072
Case #83:
2211.00526763384
Case #84:
3937.87662474121
71339.89995787779
217.3660507070965
1372.500416698336
1372.500416698336
Case #85:
317759.01782982284
39436.620815879025
366.0819580367216
46965.61256154441
1607.4954343130712
4761871.046983106
90706.99999999993
3.0000000000000004
159129.51553291664
66642.13886898216
Case #86:
66127.45552340573
54939.999999999956
383083.752280232
27070.089028298356
75866.00000000001
63173.765381918
34825.59955000799
38780.92042686358
Case #87:
22166.999999999993
78093.51765671711
210.55640574439903
31184.996416383372
351.7982376306055
872965.7237088181
3000361.3927800395
82524.99999999997
36676.313042793176
26209.518604319244
Case #88:
4.9613363869837826E8
4.2909086800000066E8
352976.0306532483
821.2654445038129
128526.11754866716
50206.00000000004
40262.0
437764.38690225815
354353.0083810508
550046.1819234424
Case #89:
50577.12088412443
33643.34689674862
47357.860889191405
42877.76287748912
56547.73200712648
1121150.915556552
243192.77857363175
15449.822300517008
15449.822300517008
30385.458583200878
Case #90:
1421987.9503003203
4017.604719955419
8.621716430000007E8
7.999999999999998
88148.99999999999
91958.99999999993
73295.00775761525
Case #91:
5307.430018712354
Case #92:
437888.23462657706
437888.23462657706
11661.609837410944
Case #93:
4.0
91.43892925807766
5.656854249492379
5.656854249492379
15.179316964349892
2.0
Case #94:
45.226517115923464
101.50891717138441
3286641.737818106
31.141112488464987
74710.99999999994
2.0
71.05085730036586
773.1729749376199
114.06511701208251
3286641.737818106
Case #95:
2.0
Case #96:
7926.873348125122
395.4974265561236
2321.3819333838346
3883.9352956779326
451.60823730308545
39987.99999999997
505.45382749335465
7926.873348125122
Case #97:
5.083638239976558E8
5.611676979609451E8
Case #98:
47657.20788422539
1128431.4003311337
33301.00000000003
4.420760419999999E8
Case #99:
172067.62186339629
35230.999999999985
3.1622776601683795
82.8854631404084
35230.999999999985
623.1997003194887
686.9999999999998
623.1997003194887
25491.415944017393
2023.8892393314577
Case #100:
40291.8208998839
22.851034322375746
31.92232506383323
51709.96290851501
352.1244728421722
3291.7100143352022
608.6103523928144
42490.922042243306
5558.508114912541
645.4273736375108
