Case #1: (1,0)
Case #2: (1,0)
Case #3: (1,1)
Case #4: (0,0)
Case #5: (500,499)
Case #6: (1,1)
Case #7: (7,6)
Case #8: (1,1)
Case #9: (3,3)
Case #10: (1,0)
Case #11: (1,0)
Case #12: (0,0)
Case #13: (1,1)
Case #14: (3,3)
Case #15: (1,0)
Case #16: (1,0)
Case #17: (1,0)
Case #18: (250,249)
Case #19: (1,0)
Case #20: (3,3)
Case #21: (1,0)
Case #22: (3,2)
Case #23: (1,0)
Case #24: (1,0)
Case #25: (1,0)
Case #26: (1,0)
Case #27: (1,0)
Case #28: (1,0)
Case #29: (1,0)
Case #30: (1,0)
Case #31: (250,249)
Case #32: (1,0)
Case #33: (1,0)
Case #34: (1,0)
Case #35: (1,1)
Case #36: (1,0)
Case #37: (1,0)
Case #38: (1,0)
Case #39: (1,0)
Case #40: (1,0)
Case #41: (1,0)
Case #42: (1,0)
Case #43: (1,0)
Case #44: (1,0)
Case #45: (2,1)
Case #46: (1,1)
Case #47: (1,0)
Case #48: (0,0)
Case #49: (1,0)
Case #50: (7,6)
Case #51: (1,0)
Case #52: (2,2)
Case #53: (1,0)
Case #54: (1,0)
Case #55: (1,0)
Case #56: (3,2)
Case #57: (1,0)
Case #58: (1,0)
Case #59: (1,0)
Case #60: (1,1)
Case #61: (1,0)
Case #62: (1,0)
Case #63: (3,2)
Case #64: (1,0)
Case #65: (1,0)
Case #66: (1,0)
Case #67: (1,1)
Case #68: (0,0)
Case #69: (125,124)
Case #70: (1,0)
Case #71: (1,0)
Case #72: (1,0)
Case #73: (1,0)
Case #74: (1,0)
Case #75: (1,0)
Case #76: (1,0)
Case #77: (1,0)
Case #78: (1,1)
Case #79: (1,0)
Case #80: (0,0)
Case #81: (3,3)
Case #82: (1,0)
Case #83: (1,0)
Case #84: (1,1)
Case #85: (1,0)
Case #86: (1,0)
Case #87: (1,0)
Case #88: (1,0)
Case #89: (1,1)
Case #90: (1,0)
Case #91: (249,249)
Case #92: (1,0)
Case #93: (3,2)
Case #94: (1,0)
Case #95: (1,0)
Case #96: (1,0)
Case #97: (1,0)
Case #98: (499,499)
Case #99: (1,0)
Case #100: (1,0)
