Case #1: 1 0
Case #2: 1 0
Case #3: 1 1
Case #4: 0 0
Case #5: 500 499
Case #6: 1 0
Case #7: 1 1
Case #8: 1 0
Case #9: 1 0
Case #10: 1 0
Case #11: 1 0
Case #12: 1 0
Case #13: 0 0
Case #14: 1 1
Case #15: 1 0
Case #16: 249 249
Case #17: 1 0
Case #18: 1 0
Case #19: 1 0
Case #20: 1 1
Case #21: 1 1
Case #22: 499 499
Case #23: 1 0
Case #24: 2 2
Case #25: 1 0
Case #26: 1 0
Case #27: 1 0
Case #28: 1 1
Case #29: 0 0
Case #30: 3 3
Case #31: 1 0
Case #32: 1 0
Case #33: 1 0
Case #34: 3 3
Case #35: 1 0
Case #36: 1 0
Case #37: 1 0
Case #38: 1 0
Case #39: 3 2
Case #40: 1 0
Case #41: 3 3
Case #42: 1 0
Case #43: 1 0
Case #44: 1 0
Case #45: 1 0
Case #46: 3 2
Case #47: 1 0
Case #48: 1 0
Case #49: 125 124
Case #50: 1 0
Case #51: 1 1
Case #52: 1 1
Case #53: 1 0
Case #54: 1 0
Case #55: 1 0
Case #56: 0 0
Case #57: 1 0
Case #58: 1 0
Case #59: 1 0
Case #60: 0 0
Case #61: 1 0
Case #62: 7 6
Case #63: 1 0
Case #64: 1 0
Case #65: 1 0
Case #66: 250 249
Case #67: 1 0
Case #68: 1 0
Case #69: 3 2
Case #70: 1 0
Case #71: 1 0
Case #72: 1 0
Case #73: 1 0
Case #74: 1 0
Case #75: 2 1
Case #76: 1 0
Case #77: 1 0
Case #78: 1 0
Case #79: 1 0
Case #80: 1 0
Case #81: 1 0
Case #82: 1 0
Case #83: 1 0
Case #84: 1 0
Case #85: 1 0
Case #86: 1 0
Case #87: 1 1
Case #88: 1 1
Case #89: 3 2
Case #90: 1 0
Case #91: 1 0
Case #92: 1 1
Case #93: 1 0
Case #94: 1 0
Case #95: 7 6
Case #96: 1 0
Case #97: 1 0
Case #98: 1 0
Case #99: 250 249
Case #100: 3 3
