Case #1: 8 26 27 23 19 14 42 47 40 38 20 20 23 21 20 17 12 25 41 40 36 34 25 42 42 41 39 37 33 30 44 40 38 35 33 32 31 29 26 46 43 41 38 37 36 46 45 44 42 37 34 28 46 42 40 39 34 32 14 21 23 21 19 18 15 11 9 8 29 28 46 45 39 37 35 30 48 47 41 38 37 36 30 12 24 20 18 17 16 13 9 6
Case #2: 20 12 8 17 6 11 18 5 18 15 23 22 11 20 18 25 20 10 5 23 21 17 9 8 23 23 22 21 16 19 9 25 24 19 9
Case #3: 24 30 30 1 10 5 3 11 22 19 18 15 7 29 28 8 20 20 26 14 9 5 24 26 40 32 28
Case #4: 25 26 30 29 28 27 26 25 24 23 22 20 19 15 14 13 12 11 9 20 21 21 21 20 18 17 16 15 14 13 12 11 8 7 6 5 4
Case #5: 26 24 22 2 22 21 18 17 16 13 28 38 34 33 32 31 15 20 18 17 2 38 29 17 29 28 33 30 27 22 18 31 21 20 17 16 15 5 2 30 28 27 23 22 27 22 16 17 14 7 5 13 26 25 24 22 15 13 29 21 19 18 22 19 7
Case #6: 24 28 24 22 20 17 13 28 28 46 45 44 40 39 36 29 20 12 8 18 17 16 10 9 4 2 25 23 45 30 27 25 23 20 15 20 17 12 8
Case #7: 42 44 38 33 30 54 63 62 7 26 8 74 96 92 58 41 38 36 46 96 81
Case #8: 26 48 33 17 36 12 29 21 25 43 28 47 46 34 47
Case #9: 31 28 21 20 14 53 70 64 62 59 58 55 43 36 34 33 32 46 44 40 32 44 42 39 34 27 25 23 17 -1 -1 -1 -1 -1 -1 -1 50 71 69 53 51 50 48 45 43 10 29 22 21 20 17 12
Case #10: 27 19 16 13 28 26 24 21 18 12 27 26 23 20 15 27 26 25 19 16 15 12 26 25 27 22 13 44 44 43 40 32 31 27 26 5 23 23 22 16 13 8 21 15 10 5 4 17 13 10 7 24 27 38 34 32 31 27 1 16 4 27 26 20 15 13 27 22 20 19 15 13 12 11 21 17 15 13 6
Case #11: 35 15 32 26 35 23 4 19 48 32 30 20 17 3 42 40
Case #12: 17 16 27 23 17 27 17 13 24 25 41 29 27 21 18 28 13 21 20 4 24 23 17 26 25 40 35 21 25 16 35 46 40 32 41 37 29 26 24 23 28 27 25 22 19 40 44 43 42 41 31
Case #13: 41 33 23 19 18 16 13 6 5 44 43 42 38 36 34 41 38 37 33 30 28 21 23 38 33 32 22 20 15 8 6 25 24 -1 -1 28 18 17 16 13 42 30
Case #14: 70 69 61 46 42 37 34 51 73 64 56 55 65 60 58 55 53 50 49 51 49 71 70 51 49 46 40 44 43 40 38 36 35 27 70 68 66 -1 -1 -1 -1 -1 -1 29 29 21 49 48 45 41 37 36 31 28 16 15 11 23 19 14 12 54 52 67 62 57 31 45 43 34 31 49 35 22 23 8
Case #15: 29 39 28 45 42 38 20 47 36 17 27 21 38 35
Case #16: 15 33 28 28 17 31 25 18 29 19 27 23
Case #17: 22 21 20 18 13 9 8 7 18 23 35 32 31 30 29 27 26 23 20 7 26 23 22 20 19 10 9 25 46 42 41 39 37 31 30 28 7 18 26 24 21 18 17 15 14 12 9 8 20 25 25 22 20 18 16 13 12 10 7
Case #18: 44 35 26 24 28 26 28 27 26 31 27 30 26 16 12 21 12 25 15 20 18 10 28 26 25 17 25 32 23 5 25 9 24 20 18 14 11 26 17 12 11 5 12 16 15 9 20 4 26 26 20 23 14 9 1 21 3
Case #19: 24 23 22 21 20 18 9 23 19 15 14 10 9 7 17 26 24 20 1 18 15 11 10 6 5 4 2 24 22 13 9 8 7 23 22 17 11 10 9 8 8 18 26 26 19 17 15 12 25 25 23 22 19 18 27 23 22 20 17 16 15 11 9 25 23 17 15 17 20 17 16 11 9 7 14 4
Case #20: 3 13 22 22 21 20 19 18 17 16 15 14 13 12 11 10 9 8 7 6 5 4
Case #21: 7 9 40 35 59 52 51 52 28 66 56 38 32 28 54 53
Case #22: 1 23 22 21 20 19 18 17 16 15 13 12 11 10 9 8 7 6 5 4 3 2 2 1 23 22 22 21 20 19 18 17 16 15 14 13 12 11 10 9 8 7 6 5 4 3 6 11 19 25 26 25 24 23 22 21 20 19 18 17 16 15 14 13 12 11 10 9 8 7
Case #23: 4 5 15 25 24 23 22 21 20 19 18 17 16 15 14 13 12 11 10 9 8 7 6 5
Case #24: -1 -1 -1 -1 28 26 23 22 12 -1 -1 -1 -1 -1 -1 -1 -1 -1 -1 -1 -1 -1 -1 -1 -1 -1 -1 -1 -1 -1 -1 -1 -1 -1 -1 -1 -1 -1 -1 -1 -1 -1 -1 -1 -1 -1 -1 -1 -1 -1 -1 29 49 47 41 40 32 25 14 12
Case #25: 45 42 32 21 19 6 19 9 7 37 36 27 33 25 20 17 12 24 22 19 14 46 42 39 33 32 25 31 44 39 28 32 35 33 31 36 25 27 26 43 26 25 24 38 32 22 43 34 27 23 30 24 45 29
Case #26: 24 8 27 25 9 26 20 22 20 19 17 7 30 27
Case #27: 21 25 32 37 36 33 29 22 24 23 21 7 5 27 44 43 38 36 34 31 27 26 8 10 23 22 17 11 25 38 28 24 15 13 12 9 23 39 32 29 28 24 27 23 20 19 12 7 24 16 10 24 22 20 18 16 11 25 22 16 14 22 21 18 16 14 13 31 30 27 17 23 35 35 23 16 21 16 15 13 12 11 6 21 17 16 11 23 36 35 34 31 35 43 36 13 10 7 3
Case #28: 26 25 25 42 43 41 40 39 38 37 36 32 31 29 28 30 42 42 41 40 39 37 36 34 33 32 31 30 29 27 47 48 47 46 45 41 40 38 37 34 32 31 30 27 49 47 45 44 43 42 41 40 37 35 34 33 7 9 25 25 23 22 20 19 18 15 13 12 10 9 8 2 18 20 20 19 17 15 13 11 9 8 7 6 4 3 9 22 25 24 23 18 17 14 12
Case #29: 35 34 16 10 26 37 26 28 31 18 11 2 15 14
Case #30: 25 32 36 34 33 31 35 29 27 7 25 24 20 10 8 37 36 30 28 24 21 18 14 13 29 27 26 25 19 17 16 15 13 9 26 21 17 13 24 45 44 41 34 33 28 23 22 20 13 22 19 16 12 8 28 45 44 43 42 32 30 29 25 24 20 19 18 16 10 24 22 21 14 46 45 44 39 34 33 30 26 25 46 45 42 41 40 34
Case #31: 21 32 40 39 37 36 34 30 29 28 27 22 24 42 41 40 38 37 35 31 30 29 28 26 26 29 28 26 25 24 22 21 19 18 17 16 15 14 10 9 28 27 26 24 24 22 21 18 17 16 14 13 12 11 10 9 8 7 27 48 46 44 43 39 37 34 32 30 7 21 21 19 18 16 15 12 11 9 7 6 5 4
Case #32: 31 29 28 27 25 24 23 22 21 18 16 15 25 33 32 31 44 43 42 41 40 38 37 36 33 32 31 30 28 27 4 21 22 21 24 23 22 21 19 17 16 14 12 11 8 6 52 51 50 49 45 42 40 39 38 36 34 32 31 25 41 39 45 44 42 41 40 39 38 36 35 34 32 31 30 29 28 27 5 23 18 13 11 10 9 8 7 6
Case #33: 39 34 33 23 22 21 8 15 8 3 19 18 13 4 13 12 25 27 22 16 10 31 20 39 38
Case #34: 29 27 47 45 39 31 16 23 18 15 14 11 51 29 44 43 28 7 8 15 10 8 7 4 29 43 41 38 25 40 31 28 33 43 39 35 30 32 43 40 29 26 20 17 14 30 47 46 38 31 29 27 50 47 43 24 22 19 17 11 8 45 38 31 26 9 28 22
Case #35: 23 23 22 16 9 7 9 25 25 23 23 22 21 20 10 14 23 19 26 25 23 16 14 11 28 27 22 21 19 18 13 43 34 32 31 30 10 25 20 19 14 12 26 16 14 20 16 15 13 12 5 28 25 21 18
Case #36: 13 7 6 11 5 11 15 22 18 13 7 4 15 21 10 5 19 17 8 20 19 14 12 9 24 42 34 24 20 9
Case #37: 23 29 26 27 29 18 44 42 31 30 27 21 24 20 15 9 6 5 44 38 34 10 19 19 15 24 21 19 17 26 45 43 38 37 28 41 37 34 32 29 42 30 28 26 13 7 5 3 25 35 32 29 28 26 45 43 41 40 10 20 45 43 55 47
Case #38: 2 18 22 21 20 19 16 14 12 11 10 8 7 6 4 3 22 21 18 17 16 12 11 10 10 26 25 26 26 25 23 21 18 16 15 14 13 12 26 25 44 43 42 41 40 36 34 33 32 30 29 26 25 20 26 40 39 38 34 33 32 31 28 24 23 22 21
Case #39: 21 21 17 6 16 1 27 35 24 28 18 23 20 15 6 17 42 40 32 42 31 27 27 22 29 38 34 17
Case #40: 5 14 20 21 20 21 20 16 15 14 13 11 10 7 4 18 24 23 22 21 20 19 18 17 16 14 11 10 9 8 7 6 5 4
Case #41: 21 26 22 15 23 32 45 39 36 41 38 41 40 15 28 27 27 26 15 10
Case #42: 17 14 56 20 5 28 40 42 41 47 39 38 35 31 22
Case #43: 19 17 16 14 5 -1 -1 -1 -1 -1 -1 -1 -1 -1 -1 -1 -1 27 26 24 17 15 14 -1 -1 -1 -1 -1 -1 -1 -1 -1 -1 -1 -1 -1 -1 -1 -1 -1 -1 -1 -1 -1 -1 -1 -1 -1 -1 3 23 22 15 14 13 6
Case #44: 23 14 31 41 29 16 25 25 19 10
Case #45: 23 22 21 19 15 9 5 4 14 20 10 7
Case #46: 38 42 40 25 32 43 41 39 36 34 8 14 23 18 23 41 8 23 29 15 37 35 29 15 45 40 33 28
Case #47: 26 25 42 41 31 27 3 14 21 20 15 14 12 24 24 22 16 15 14 13 10 8 21 25 24 23 22 21 17 14 10 4 23 22 21 20 19 15 14 12 11 9 5 10 19 20 17 15 13 9 7 2 27 20 15 12 25 28 25 20 15 10 23 33 40 38 36 34 33 29
Case #48: 27 46 44 40 3 22 22 11 27 25 10 7 32 51 35 30 28 14 13 2 43 40 35 29 25 28 25 38 39 38 31 11 9 8 46 52 56 54 53 36 32 29 41 39
Case #49: 10 24 29 29 28 27 26 25 23 22 20 19 18 16 15 14 11 29 28 27 26 24 23 22 21 20 19 18 17 16 15 13 12 10 9 8 7 7 9 28 27 26 24 23 21 20 19 18 16 14 12 9
Case #50: 1 10 18 17 16 15 14 12 10 9 8 6 5 2 4 14 22 21 23 22 21 18 17 16 14 12 10 8 6 5 10 28 27 26 25 23 21 17 16 15 13 12 11 10 23 23 22 21 19 24 23 22 21 20 19 14 13 12 11
Case #51: 9 23 20 13 11 27 21 13 11 16 18 16 10 6 5 16 14 8 3 21 21 13 10 7 16 21 19 16 13 12 22 22 23 17 15 11 21 19 14 10 8 8 17 16 14 11 9 23 20 15 11 9 27 26 23 22 21 13 12 27 19 17 15 14 13 24 26 23 22 21 19 16 13 10 9
Case #52: 20 18 17 15 14 13 12 10 9 7 27 25 25 24 23 22 21 20 18 17 14 13 11 4 24 23 22 21 20 14 13 11 10 6 7 22 21 18 17 15 14 10 7 6 24 24 21 23 21 18 10 23 21 12 10 6 17 27 26 24 23 15 15 15 18 17 15 14 12 9 7 4 22 21 19 17 14 9 7 10 29 27 27 26 19 18 15 14 12 11 7 15 26 25 24 20 17 12 11
Case #53: 3 17 19 21 20 18 17 15 14 13 12 11 10 9 8 7 6 4
Case #54: 15 23 17 14 13 21 22 15 15 15 8 23 17 16 21 21 19 13 10 9 12 7 24 11 26 27 17 27 42 34 28
Case #55: 4 24 24 22 21 20 18 17 15 14 13 12 10 8 7 5 23 20 19 16 15 14 12 11 10 6 3 7 18 25 25 26 24 23 22 20 18 16 15 14 12 11 8 10 32 31 28 27 24 23 22 21 19 18 16 15 14 12 11
Case #56: 7 25 24 24 24 23 23 22 20 19 18 17 16 15 14 13 12 11 10 22 21 20 19 18 17 16 15 14 11 10 8 6
Case #57: -1 -1 -1 -1 53 51 47 43 40 37 36 33 -1 -1 -1 -1 32 48 31 49 41 51 49 38 37 32 28 22 -1 -1 -1 22 -1 -1 50 47 46 35 44 41 36 30 33 29 62 59 51
Case #58: 24 18 6 27 27 23 12 9 9 22 27 25 15 24 23 7 6 5 9 29 27 20 14 30 31 38 33 21 11 5
Case #59: 22 28 23 20 19 18 14 13 9 24 23 20 18 17 16 14 12 11 4 7 23 21 19 16 14 12 11 10 9 8 5 1 22 18 17 13 8 6 5 13 23 22 18 10 3 15 18 17 12 9 5 19 24 23 27 26 18 17 12 10 10 21 20 19 18 16 12 4 12 24 27 26 22 19 16 14 8 21 16 14 10 3 15 20 20 4
Case #60: 18 10 9 7 5 8 27 24 20 11 3 21 17 10 7 22 19 18 16 13 9 6 5 22 20 19 17 5 23 21 40 39 38 30 1 20 19 18 14 3 2 4 20 11 9 7 5 25 16 8 21 20 19 14 4
Case #61: 52 68 63 57 45 9 7 68 62 41 70 68 67 53 51 -1 -1 -1 -1 -1 38 29 47 12 91 86
Case #62: 69 58 19 14 10 6 40 33 28 24 19 12 26 9 43 41 36 34 32 26 39 36 24 47 46 45 41 31 24 35 32 48 27 27 25 39 36 33 19 17 8 32
Case #63: 18 15 12 14 25 23 24 14 13 25 29 19 25 23 18 25 6 17 24 23 13 20 34 33 9 4 8 6 3 14 23
Case #64: 5 28 27 25 24 22 21 18 15 14 13 12 11 8 7 2 24 23 22 19 15 12 11 10 8 7 6 4 3 2 19 20 19 18 17 16 14 13 12 9 5 4 20 27 35 33 30 26 25 22 21 20 15 37 36 34 33 32 31 30 24 23 17 16 1 21 20 16 13 8 7 6 2 10 21 20 24 25 23 21 20 18 15 13 13 29 31 30 24 23 20 19
Case #65: 17 22 19 14 9 6 5 1 24 23 9 5 3 6 26 24 20 17 13 9
Case #66: 47 44 40 39 37 34 31 41 34 30 29 27 33 31 52 48 46 43 35 32 52 40 39 38 25 38 42 41 47 41 36 35 33 23 27 26 19 13 96 91 88 84 83 80 79 78 31 39 35 34 32 62 57 52 51 46 64 55 53 52 71 69 66 55 52 26 21 19 16 13 27 26 45 41 34 47 43 42 41 37 26 17 12 10 48 46 36 30 50 47 46 34 33
Case #67: 29 29 26 25 17 16 15 13 20 24 23 16 15 10 23 20 16 12 10 9 6 34 44 43 40 39 38 37 33 30 26 29 22 20 19 16
Case #68: 17 17 18 17 11 6 5 25 24 19 7 16 13 10 11 19 16 5 29 31 23 19 10
Case #69: 24 21 20 17 10 14 21 16 9 6 18 18 16 13 11 21 19 16 11 4 6 23 24 9 8 7 22 22 11 27 27 30 26 16 24 25 21 13 18 15 10 20 18 16 15 14 13 3 15 20 10 9 14 22 22 20 15 14 24 22 21
Case #70: 7 20 23 25 26 25 24 23 22 21 20 19 18 17 16 15 14 13 12 11 10 9 8 3 5 21 21 21 20 19 18 17 16 15 14 13 12 11 8 7 5 4 8 9 16 28 28 27 26 25 24 23 22 21 20 19 18 17 15 14 12 11 9
Case #71: 3 22 23 23 23 22 21 20 19 16 15 14 12 11 10 9 7 6 4 4 22 22 24 23 20 19 18 16 15 12 11 10 9 8 7 1 23 22 20 19 18 17 16 15 13 11 10 9 8 6 5 3 2
Case #72: 9 24 26 29 28 26 22 20 19 17 16 15 14 12 1 21 21 21 16 15 12 11 9 8 7 6 2 18 26 26 34 32 28 27 25 23 21 20 19 24 23 20 19 18 16 12 9 8 6 4 16 19 18 19 17 15 14 13 11 6 4
Case #73: 20 19 17 6 20 18 17 24 18 17 16 13 8 25 19 15 14 11 28 24 23 20 19 10 28 26 19 17 19 17 16 15 11 10 6 9 26 23 22 11 15 16 9 8 5 19 12 10 9 8 2 22 15 10 5 21 14 11 7 3 23 22 19 18 17 14 6 11
Case #74: 24 24 11 16 14 13 9 23 17 29
Case #75: 2 21 23 11 20 18 13 28 10 23 13 22 21 14 22 19 24 15 10 9 6 12 10 9 5
Case #76: 6 27 26 27 24 23 21 20 19 18 17 16 9 7 16 21 20 19 18 17 16 13 11 10 8 7 4 6 17 20 25 23 22 21 21 19 17 16 15 14 12 9
Case #77: 24 20 14 12 8 19 16 15 4 2 20 13 8 5 19 16 6 26 36 35 32 25 25 20 10 27 44 41 38 33 30 24 23 20 12 21 24 40 29 42 40 28 28 25 24 16 15 14 10 26 46 39 37 29 28 27 14 34 33 19 1 19 11 10 4 28 19 18 17 14 13 8 43 38 36 31 24 21 25 21 19 17 13
Case #78: 11 7 16 16 16 12 10 9 23 23 16 14 17 16 14 10 30 28 26 25 25 15 12 11 7 24 25 28 26
Case #79: 22 18 16 11 10 9 8 2 24 23 22 21 24 18 15 9 29 29 28 27 26 29 24 20 18 17 16 15 19 17 15 14 9 6 5 3 5 8 20 17 16 12 9 1 12 19 16 14 13 12 10 4 3 13 27 27 24 23 21 20 14 24 22 21 19 18 16 15 11 10 5 20 23 21 22 24 18 17 11 10 15 27 29 27 23 22
Case #80: 19 16 13 11 8 11 9 6 18 15 13 11 23 21 29 17 31 24 21 19 17 8 22 18 16 14 11 10 8 5 18 16 12 9 8 28 29 28 21 17 13 19 16 9 24 20 15 30
Case #81: 108 9 3 -1 76 32 52 -1 -1 59 32 20 71 65
Case #82: 22 23 20 19 18 17 16 15 13 8 7 6 9 13 27 26 22 17 16 15 11 10
Case #83: 18 22 16 9 20 21 14 8 24 22
Case #84: 3 21 20 18 17 16 15 14 10 9 6 32 31 30 52 50 46 44 41 36 33 9 29 28 27 23 20 18 17 14 11 24 46 43 31 27 29 28 34 33 31 19 25 24 23 18 16 15 14 10
Case #85: 3 25 23 21 19 17 15 14 10 6 5 4
Case #86: 37 11 50 21 30 -1 -1 28 25 9 -1 5 23
Case #87: 25 40 39 15 24 24 12 24 44 44 37 36 34 9 14 19 5 6 14 16 12 42 39 35 25 24 41 33 30 27 26 17 8 7 43 42 41 40 39 32 31
Case #88: 8 8 8 17 20 20 17 16 14 12 9 2 21 20 20 19 14 13 7 6 3
Case #89: 32 19 20 24 24 37 32 31 10 18 17 15 12 16 14 13 4 26 23 10 9 22 24 19 18 13 12 11 20 22 15 18 15 40 38 28 14 6 21 23 26 25 26 24 24
Case #90: 21 21 19 18 17 59 58 51 -1 -1 -1 -1 29 27 47 46 44 42 41 33 29 37 32 31 -1 -1 -1 -1 -1 -1 30 48 42 39 79 71 70 94 91 30 25 71 62 61 59
Case #91: 43 37 35 36 45 38 43 10 31 28 16 14 54 37 36 68 66 69 64 54 53 29 48 47 41 39 35 71 64 59 55 3 23 15 8 42 39 30 41 36 30 23 30 41 30 29 48 46 43 41 36 34
Case #92: 45 44 42 25 17 12 40 43 30 39 49 40 35 29 17 14 12 29 47 45 43 25 14 2 27 20 19 7 23 26 15 43 39 28 43 41 46 42 43 41 38 43
Case #93: 26 40 38 34 32 29 28 21 14 11 21 15 9 26 24 20 17 45 44 32 31 26 16
Case #94: 23 12 28 34 32 23 10 9 3 44 38 32 30 28 4 22 19 12 24 25 12 1 19 18 17 26 24 23 34 33 24 23 8 24 17 15 14 12 15 19 19 15 24 28 37 26 25 29 19 12 34 28 23 9 8
Case #95: 10 64 38 37 47 48 16 92 76 65 46 42
Case #96: 5 18 16 12 10 8 7 3 12 17 16 11 10 4 19 16 14 13
Case #97: 7 25 24 23 22 21 19 16 18 34 23 21 19 19 18 23 20 18 24 27 23 17 16 11 10 5 21 22 12 11 10 8 5 19 18 15 12 21 17 12 10 8 6 3 5 24 24 23 20 18 16 14 10 8 22 23 22 21 12 9 8 10 22 26 25 23 17 14 13 22 21 17 7 6 11 24 23 23 22 20 18 14 14 22 22 12 9 6 24 23 22 16 14 1 14 13 6 5
Case #98: 8 29 28 28 25 17 16 15 12 11 10 48 46 43 42 40 33 30 33 45 39 34 -1 -1 -1 -1 -1 -1 31 30 28 26 20 17 16 14 50 48 45 43 42 36 79 101 99 93 88 83 80 70 67 59 51
Case #99: 3 10 23 20 15 10 7 4 26 36 24 23 20 19 12 23 25 18 15 49 46 43 42 41 37 9 8 21 18 16 12 11 -1 -1 -1 -1 -1 -1
Case #100: 8 18 30 27 26 25 24 23 21 20 19 17 16 15 14 12 10 9 6 20 24 25 26 25 24 20 19 18 17 16 15 14 13 12 11 9 10 24 23 22 29 27 26 25 24 22 21 20 19 18 17 16 15 14 13 12 1 1 13 16 19 20 18 16 15 14 13 12 10 9 7 6 5 4 3 2
