Case #1:
GGG
CCC
JJJ
Case #2:
CODE
CODE
CJAM
Case #3:
CA
KE
Case #4:
A
Case #5:
AAAAAAAABBBBBBBBBBBBBBBBB
AAAAAAAABBBBBBBBBBBBBBBBB
AAAAAAAABBBBBBBBBBBBBBBBB
AAAAAAAABBBBBBBBBBBBBBBBB
AAAAAAAABBBBBBBBBBBBBBBBB
AAAAAAAABBBBBBBBBBBBBBBBB
AAAAAAAABBBBBBBBBBBBBBBBB
AAAAAAAABBBBBBBBBBBBBBBBB
AAAAAAAABBBBBBBBBBBBBBBBB
CCCCCCCCBBBBBBBBBBBBBBBBB
CCCCCCCCDDDDDDDDDDDDDDDDD
EEEEEEEEDDDDDDDDDDDDDDDDD
EEEEEEEEDDDDDDDDDDDDDDDDD
EEEEEEEEDDDDDDDDDDDDDDDDD
EEEEEEEEDDDDDDDDDDDDDDDDD
EEEEEEEEDDDDDDDDDDDDDDDDD
EEEEEEEEDDDDDDDDDDDDDDDDD
EEEEEEEEDDDDDDDDDDDDDDDDD
EEEEEEEEDDDDDDDDDDDDDDDDD
EEEEEEEEFFFFFFFFFHHHHHHHH
EEEEEEEEFFFFFFFFFJJJJJJJJ
EEEEEEEEFFFFFFFFFJJJJJJJJ
EEEEEEEEFFFFFFFFFJJJJJJJJ
EEEEEEEEFFFFFFFFFJJJJJJJJ
EEEEEEEEGGGGGGGGGIIIIIIII
Case #6:
GGGGGGGGGGGGGGGGGGGGGGGGG
YYYYYYYYYYYYYYYYYYYYYYYYY
YYYYYYYYYYYYYYYYYYYYYYYYY
NNNNNNNNNNNNNNNNNNNNNNNNN
NNNNNNNNNNNNNNNNNNNNNNNNN
BBBBBBBBBBBBBBBQQQMMMLLLL
BBBBBBBBBBBBBBBQQQMMMLLLL
FFFFFFFFFFFFFFFQQQMMMLLLL
FFFFFFFFFFFFFFFQQQMMMLLLL
OOVVVVVVAAAAZZZIIIMMMLLLL
OOVVVVVVAAAAZZZIIIMMMLLLL
OOVVVVVVAAAAZZZIIIMMMLLLL
OOVVVVVVPPPPZZZIIIMMMRRRR
OOVVVVVVPPPPZZZIIIXXXRRRR
OOVVVVVVPPPPZZZEEEXXXRRRR
OOVVVVVVPPPPZZZEEEXXXRRRR
OOVVVVVVPPPPZZZEEEXXXRRRR
OOVVVVVVPPPPZZZEEEXXXRRRR
OOKKKKKKWWWWZZZEEEXXXRRRR
OODDDDDDWWWWZZZEEEXXXUUUU
OOJJJJJTWWWWZZZEEEXXXUUUU
HHJJJJJTWWWWZZZEEEXXXUUUU
HHJJJJJTWWWWZZZEEEXXXUUUU
HHJJJJJTWWWWCCCEEEXXXUUUU
HHJJJJJTWWWWSSSEEEXXXUUUU
Case #7:
BBBBBBBBBBBRRRRRRRRRRRRRR
BBBBBBBBBBBRRRRRRRRRRRRRR
BBBBBBBBBBBUUUUUUUUUUUUUU
BBBBBBBBBBBUUUUUUUUUUUUUU
BBBBBBBBBBBYYYYYYYQQQQQQQ
JJJJJJJJJJJYYYYYYYQQQQQQQ
JJJJJJJJJJJYYYYYYYQQQQQQQ
JJJJJJJJJJJYYYYYYYQQQQQQQ
JJJJJJJJJJJGGGGGGGQQQQQQQ
HHHHHHHHHHHGGGGGGGQQQQQQQ
HHHHHHHHHHHGGGGGGGIIIIIII
HHHHHHHHHHHGGGGGGGIIIIIII
AAAAAAAAAAAGGGGGGGEEEEEEE
AAAAAAAAAAAGGGGGGGEEEEEEE
AAAAAAAAAAAGGGGGGGMMMMMMM
LLLLLLNNNNNGGGGGGGTTTTTTT
FFFFFFSSSSSGGGGGGGTTTTTTT
DDDDWWSSSSSGGGGGGGTTTTTTT
DDDDWWSSSSSGGGGGGGCCCCCCC
DDDDVVXXXXXGGGGGGGCCCCCCC
DDDDVVPPPPPGGGGGGGCCCCCCC
DDDDVVPPPPPGGGGGGGOOOOOOO
DDDDVVPPPPPZZZZZZZOOOOOOO
DDDDVVPPPPPZZZZZZZOOOOOOO
KKKKVVPPPPPZZZZZZZOOOOOOO
Case #8:
BB
AA
Case #9:
KKKKKKKKKKKKKKKKKKKKKKKKK
KKKKKKKKKKKKKKKKKKKKKKKKK
CCCCCCCCCCCCCCCCCCCCCCCCC
CCCCCCCCCCCCCCCCCCCCCCCCC
AAAAAAAAAAAAAAAAAAAAAJJEG
AAAAAAAAAAAAAAAAAAAAAMMEG
AAAAAAAAAAAAAAAAAAAAAMMEG
QQQQQQQQQQQQQQQQQFFFHBBEU
VVVVVVVVVVVVVVVVVFFFHPPEU
SSSSSSSSSSSSSNNNNFFFIYLTU
SSSSSSSSSSSSSNNNNFFFIYLTU
SSSSSSSSSSSSSNNNNFFFWYLXU
SSSSSSSSSSSSSNNNNFFFWZLXU
SSSSSSSSSSSSSNNNNFFFWZLXU
SSSSSSSSSSSSSNNNNFFFWZLDU
SSSSSSSSSSSSSNNNNOOOWZLDU
SSSSSSSSSSSSSNNNNOOOWZRDU
SSSSSSSSSSSSSNNNNOOOWZRDU
SSSSSSSSSSSSSNNNNOOOWZRDU
SSSSSSSSSSSSSNNNNOOOWZRDU
SSSSSSSSSSSSSNNNNOOOWZRDU
SSSSSSSSSSSSSNNNNOOOWZRDU
SSSSSSSSSSSSSNNNNOOOWZRDU
SSSSSSSSSSSSSNNNNOOOWZRDU
SSSSSSSSSSSSSNNNNOOOWZRDU
Case #10:
GGGGGGGGGGGGGGGGGGGGGGGGG
XXXXXXXXXXXXXXXXXXXXXXUUU
TTTTJJJJJJJJJJJJJJJJJJUUU
TTTTJJJJJJJJJJJJJJJJJJUUU
QQQQJJJJJJJJJJJJJJJJJJUUU
QQQQZZZZZZZZZZZZZZZZZZUUU
QQQQZZZZZZZZZZZZZZZZZZUUU
QQQQMMMMMMMMMMMMMMMMMAUUU
HHHHMMMMMMMMMMMMMMMMMAUUU
SSSSPPPPPPPPPPPPPPPPPAUUU
SSSSIIIIIIIFFFFFFFFFFAUUU
SSSSLLLLLLLVVVVVVVVVVAUUU
SSSSLLLLLLLCCCCCCCCCCAUUU
SSSSLLLLLLLCCCCCCCCCCAUUU
SSSSLLLLLLLCCCCCCCCCCAUUU
SSSSLLLLLLLCCCCCCCCCCAUUU
SSSSLLLLLLLCCCCCCCCCCAUUU
SSSSLLLLLLLCCCCCCCCCCAUUU
SSSSLLLLLLLWWWWWWWWWWAUUU
SSSSOOOOOOODDDDDDDDDDAUUU
SSSSYYYYYYYDDDDDDDDDDAUUU
NNNNYYYYYYYKKKKKKKKKKAUUU
NNNNYYYYYYYKKKKKKKKKKAUUU
BBBBYYYYYYYEEEEEEEEEEAUUU
BBBBYYYYYYYRRRRRRRRRRAUUU
Case #11:
AAAAAAAAAAAAAAAAAAAAAAAAA
BBBBBBBBBBBBBBBBBBBBBBBBB
CCCCCCCCCCCCCCCCCCCCCCCCC
DDDDDDDDDDDDDDDDDDDDDDDDD
EEEEEEEEEEEEEEEEEEEEEEEEE
FFFFFFFFFFFFFFFFFFFFFFFFF
GGGGGGGGGGGGGGGGGGGGGGGGG
HHHHHHHHHHHHHHHHHHHHHHHHH
IIIIIIIIIIIIIIIIIIIIIIIII
JJJJJJJJJJJJJJJJJJJJJJJJJ
KKKKKKKKKKKKKKKKKKKKKKKKK
LLLLLLLLLLLLLLLLLLLLLLLLL
MMMMMMMMMMMMMMMMMMMMMMMMM
NNNNNNNNNNNNNNNNNNNNNNNNN
OOOOOOOOOOOOOOOOOOOOOOOOO
PPPPPPPPPPPPPPPPPPPPPPPPP
QQQQQQQQQQQQQQQQQQQQQQQQQ
RRRRRRRRRRRRRRRRRRRRRRRRR
SSSSSSSSSSSSSSSSSSSSSSSSS
TTTTTTTTTTTTTTTTTTTTTTTTT
UUUUUUUUUUUUUUUUUUUUUUUUU
VVVVVVVVVVVVVVVVVVVVVVVVV
WWWWWWWWWWWWWWWWWWWWWWWWW
XXXXXXXXXXXXXXXXXXXXXXXXX
YYYYYYYYYYYYYYYYYYYYYYYYY
Case #12:
AAAAACCCCCCCCCCCCCCCCCCCC
AAAAACCCCCCCCCCCCCCCCCCCC
AAAAAEEEEEEEEEEEEEEEEEEEE
AAAAAEEEEEEEEEEEEEEEEEEEE
AAAAAEEEEEEEEEEEEEEEEEEEE
AAAAAEEEEEEEEEEEEEEEEEEEE
BBBBBDDDDDDDDDDDDDDDDDDDD
BBBBBDDDDDDDDDDDDDDDDDDDD
BBBBBDDDDDDDDDDDDDDDDDDDD
BBBBBDDDDDDDDDDDDDDDDDDDD
BBBBBDDDDDDDDDDDDDDDDDDDD
BBBBBDDDDDDDDDDDDDDDDDDDD
BBBBBDDDDDDDDDDDDDDDDDDDD
BBBBBDDDDDDDDDDDDDDDDDDDD
BBBBBDDDDDDDDDDDDDDDDDDDD
BBBBBDDDDDDDDDDDDDDDDDDDD
BBBBBDDDDDDDDDDDDDDDDDDDD
BBBBBFFFFFFFFFFFFFFFFFFGG
BBBBBHHHHHHHHHHHHHHHHHHGG
BBBBBHHHHHHHHHHHHHHHHHHII
BBBBBJJJJJJJJJJJJJJJJJJII
BBBBBJJJJJJJJJJJJJJJJJJII
BBBBBJJJJJJJJJJJJJJJJJJII
BBBBBJJJJJJJJJJJJJJJJJJII
BBBBBJJJJJJJJJJJJJJJJJJII
Case #13:
AAAAAAAAAABBBBBBBBBBBBBBB
AAAAAAAAAABBBBBBBBBBBBBBB
AAAAAAAAAABBBBBBBBBBBBBBB
AAAAAAAAAABBBBBBBBBBBBBBB
AAAAAAAAAABBBBBBBBBBBBBBB
AAAAAAAAAABBBBBBBBBBBBBBB
AAAAAAAAAABBBBBBBBBBBBBBB
AAAAAAAAAABBBBBBBBBBBBBBB
AAAAAAAAAABBBBBBBBBBBBBBB
CCCCCCCCCCBBBBBBBBBBBBBBB
CCCCCCCCCCDDDDDDDDDDDDDDD
EEEEEEEEEEDDDDDDDDDDDDDDD
EEEEEEEEEEDDDDDDDDDDDDDDD
EEEEEEEEEEFFFFFFFFFFHHHHH
EEEEEEEEEEFFFFFFFFFFJJJJJ
EEEEEEEEEEFFFFFFFFFFJJJJJ
EEEEEEEEEEFFFFFFFFFFJJJJJ
EEEEEEEEEEFFFFFFFFFFJJJJJ
EEEEEEEEEEGGGGGGGGGGIIIII
EEEEEEEEEEGGGGGGGGGGIIIII
EEEEEEEEEEGGGGGGGGGGIIIII
EEEEEEEEEEGGGGGGGGGGIIIII
EEEEEEEEEEGGGGGGGGGGIIIII
EEEEEEEEEEGGGGGGGGGGIIIII
EEEEEEEEEEGGGGGGGGGGIIIII
Case #14:
AAAAAABBBBBBBBBBBBBBBBBBB
AAAAAABBBBBBBBBBBBBBBBBBB
CCCCCCBBBBBBBBBBBBBBBBBBB
CCCCCCDDDDDDDDDDDDDDDDDDD
EEEEEEDDDDDDDDDDDDDDDDDDD
EEEEEEDDDDDDDDDDDDDDDDDDD
EEEEEEDDDDDDDDDDDDDDDDDDD
EEEEEEDDDDDDDDDDDDDDDDDDD
EEEEEEDDDDDDDDDDDDDDDDDDD
EEEEEEDDDDDDDDDDDDDDDDDDD
EEEEEEDDDDDDDDDDDDDDDDDDD
EEEEEEDDDDDDDDDDDDDDDDDDD
EEEEEEDDDDDDDDDDDDDDDDDDD
EEEEEEDDDDDDDDDDDDDDDDDDD
EEEEEEDDDDDDDDDDDDDDDDDDD
EEEEEEDDDDDDDDDDDDDDDDDDD
EEEEEEDDDDDDDDDDDDDDDDDDD
EEEEEEFFFFFFFFFFHHHHHHHHH
EEEEEEFFFFFFFFFFJJJJJJJJJ
EEEEEEFFFFFFFFFFJJJJJJJJJ
EEEEEEFFFFFFFFFFJJJJJJJJJ
EEEEEEFFFFFFFFFFJJJJJJJJJ
EEEEEEGGGGGGGGGGIIIIIIIII
EEEEEEGGGGGGGGGGIIIIIIIII
EEEEEEGGGGGGGGGGIIIIIIIII
Case #15:
VVVVVVVVVVVVVVVVVVVVVVVVV
KKKKKKKKFFFFFFFFFFFFFFFFF
KKKKKKKKFFFFFFFFFFFFFFFFF
AAAAAAAPZZZZZZZZZZZZZZZZZ
UUUUUSSQIIIGGGGGGGGGGGGGG
DDDDDYYQRRRGGGGGGGGGGGGGG
NNNNNOOHEELGGGGGGGGGGGGGG
NNNNNJCWXXBGGGGGGGGGGGGGG
NNNNNJMWTTBGGGGGGGGGGGGGG
NNNNNJMWTTBGGGGGGGGGGGGGG
NNNNNJMWTTBGGGGGGGGGGGGGG
NNNNNJMWTTBGGGGGGGGGGGGGG
NNNNNJMWTTBGGGGGGGGGGGGGG
NNNNNJMWTTBGGGGGGGGGGGGGG
NNNNNJMWTTBGGGGGGGGGGGGGG
NNNNNJMWTTBGGGGGGGGGGGGGG
NNNNNJMWTTBGGGGGGGGGGGGGG
NNNNNJMWTTBGGGGGGGGGGGGGG
NNNNNJMWTTBGGGGGGGGGGGGGG
NNNNNJMWTTBGGGGGGGGGGGGGG
NNNNNJMWTTBGGGGGGGGGGGGGG
NNNNNJMWTTBGGGGGGGGGGGGGG
NNNNNJMWTTBGGGGGGGGGGGGGG
NNNNNJMWTTBGGGGGGGGGGGGGG
NNNNNJMWTTBGGGGGGGGGGGGGG
Case #16:
KKKKKKKKHHHHHHHHHHHIIIII
KKKKKKKKHHHHHHHHHHHIIIII
KKKKKKKKHHHHHHHHHHHIIIII
KKKKKKKKHHHHHHHHHHHIIIII
SSSSSSSSVVVVVVVVVXXIIIII
SSSSSSSSUUUUUUUUMXXIIIII
SSSSSSSSWWWWWWWWMXXIIIII
SSSSSSSSQQQQQQQQMXXIIIII
SSSSSSSSQQQQQQQQMXXFFFFF
SSSSSSSSQQQQQQQQMXXFFFFF
SSSSSSSSYYYYYYYYMXXFFFFF
SSSSSSSSYYYYYYYYMXXDDDDD
SSSSSSSSJJJJJJJJMXXDDDDD
RRRRRRRRJJJJJJJJMXXDDDDD
RRRRRRRRTTTTTTTTMXXDDDDD
RRRRRRRRTTTTTTTTMXXDDDDD
RRRRRRRRTTTTTTTTMXXDDDDD
AAAAAAAAPPPPPPPPMXXDDDDD
OOOOOOOOPPPPPPPPMXXDDDDD
OOOOOOOOPPPPPPPPMXXDDDDD
NNNNNNNNPPPPPPPPMXXDDDDD
NNNNNNNNPPPPPPPPMXXDDDDD
BBBBBBBBPPPPPPPPMXXDDDDD
BBBBBBBBPPPPPPPPMXXDDDDD
BBBBBBBBLLGEEEEEMCCDDDDD
Case #17:
HHHHHHHHHHHHHHHHHHHHHHHHH
ZZZZZZDDDDDDEEEEEIIIIIIII
ZZZZZZDDDDDDCCCCCIIIIIIII
ZZZZZZBBBBBBCCCCCIIIIIIII
MMMMMMBBBBBBCCCCCIIIIIIII
MMMMMMBBBBBBCCCCCIIIIIIII
MMMMMMRRRRRRCCCCCIIIIIIII
MMMMMMRRRRRRCCCCCIIIIIIII
OOOOOORRRRRRCCCCCIIIIIIII
OOOOOORRRRRRCCCCCIIIIIIII
OOOOOORRRRRRCCCCCIIIIIIII
OOOOOORRRRRRCCCCCIIIIIIII
OOOOOOYYJJJJCCCCCIIIIIIII
VVVVVVYYJJJJCCCCCIIIIIIII
VVVVVVYYJJJJCCCCCIIIIIIII
VVVVVVYYJJJJCCCCCPPPPPPPP
VVVVVVYYJJJJTTTTTLLLLLLLL
VVVVVVUUJJJJWWWWWSSSSSSSS
XXXXXXUUJJJJWWWWWSSSSSSSS
QQQQQQUUJJJJWWWWWSSSSSSSS
GGGGGGUUJJJJNNNNNSSSSSSSS
GGGGGGUUJJJJNNNNNSSSSSSSS
GGGGGGUUJJJJNNNNNSSSSSSSS
AAAAAAUUJJJJNNNNNKKKKKKKK
AAAAAAUUJJJJFFFFFKKKKKKKK
Case #18:
IIIIIIIIIIIIIIIIIIIIIIIII
IIIIIIIIIIIIIIIIIIIIIIIII
AAAAAAAAAAAAAAAAAAAAAAAAA
AAAAAAAAAAAAAAAAAAAAAAAAA
QQQQQQQQQQQQQQQQQQQQQQQQQ
FFFFFFFFFFFFFFUUUUUUUUUUU
HHHHHHHHHHHHHHKKKKKKKKKKK
VVVVVVVVVVVVVVKKKKKKKKKKK
ZZZZZZZEEEEEEEKKKKKKKKKKK
MMMMMMMEEEEEEEKKKKKKKKKKK
MMMMMMMEEEEEEESSSSSSSSSSS
MMMMMMMEEEEEEECCCCCCCCCCC
MMMMMMMEEEEEEECCCCCCCCCCC
MMMMMMMEEEEEEECCCCCCCCCCC
MMMMMMMYYYYYYYCCCCCCCCCCC
MMMMMMMYYYYYYYBBBBBBBBBBB
MMMMMMMYYYYYYYBBBBBBBBBBB
MMMMMMMYYYYYYYBBBBBBBBBBB
MMMMMMMYYYYYYYBBBBBBBBBBB
MMMMMMMYYYYYYYNNNNNNNNNNN
XXXXXXXWWWWWWWTTTTTTTTTTT
XXXXXXXWWWWWWWTTTTTTTTTTT
XXXXXXXWWWWWWWPPPPPPPPPPP
XXXXXXXLLLLLLLDDDDDDRRRRR
GGGGGGGJJJJJJJDDDDDDOOOOO
Case #19:
AAAAAAAAAAAAAAABBBBBBBBBB
AAAAAAAAAAAAAAABBBBBBBBBB
AAAAAAAAAAAAAAABBBBBBBBBB
AAAAAAAAAAAAAAABBBBBBBBBB
AAAAAAAAAAAAAAABBBBBBBBBB
AAAAAAAAAAAAAAABBBBBBBBBB
AAAAAAAAAAAAAAABBBBBBBBBB
AAAAAAAAAAAAAAABBBBBBBBBB
AAAAAAAAAAAAAAABBBBBBBBBB
AAAAAAAAAAAAAAABBBBBBBBBB
AAAAAAAAAAAAAAABBBBBBBBBB
AAAAAAAAAAAAAAABBBBBBBBBB
AAAAAAAAAAAAAAABBBBBBBBBB
AAAAAAAAAAAAAAABBBBBBBBBB
AAAAAAAAAAAAAAABBBBBBBBBB
AAAAAAAAAAAAAAABBBBBBBBBB
AAAAAAAAAAAAAAABBBBBBBBBB
AAAAAAAAAAAAAAABBBBBBBBBB
CCCCCCCCCCCCCCCBBBBBBBBBB
CCCCCCCCCCCCCCCDDDDDDDDDD
EEEEEEEEEEEEEEEDDDDDDDDDD
EEEEEEEEEEEEEEEDDDDDDDDDD
EEEEEEEEEEEEEEEDDDDDDDDDD
EEEEEEEEEEEEEEEDDDDDDDDDD
EEEEEEEEEEEEEEEDDDDDDDDDD
Case #20:
FFFFFFFFFFFFFFFFFFFFFFFFF
FFFFFFFFFFFFFFFFFFFFFFFFF
FFFFFFFFFFFFFFFFFFFFFFFFF
FFFFFFFFFFFFFFFFFFFFFFFFF
FFFFFFFFFFFFFFFFFFFFFFFFF
FFFFFFFFFFFFFFFFFFFFFFFFF
FFFFFFFFFFFFFFFFFFFFFFFFF
DDDDDDDDDDDDDRRRRRRRRRRRR
DDDDDDDDDDDDDRRRRRRRRRRRR
JJJJJJJJJJJJJIIAAAAAAAAAA
XXXXXXXXXXXZNWQAAAAAAAAAA
UUUUUUUUUOOVNWQAAAAAAAAAA
UUUUUUUUUCCVNYPMMMMMMMMMM
UUUUUUUUUSSBTLPHHHHHHHHHH
UUUUUUUUUSSBGLPHHHHHHHHHH
UUUUUUUUUSSKELPHHHHHHHHHH
UUUUUUUUUSSKELPHHHHHHHHHH
UUUUUUUUUSSKELPHHHHHHHHHH
UUUUUUUUUSSKELPHHHHHHHHHH
UUUUUUUUUSSKELPHHHHHHHHHH
UUUUUUUUUSSKELPHHHHHHHHHH
UUUUUUUUUSSKELPHHHHHHHHHH
UUUUUUUUUSSKELPHHHHHHHHHH
UUUUUUUUUSSKELPHHHHHHHHHH
UUUUUUUUUSSKELPHHHHHHHHHH
Case #21:
KKKKKKKKKKKKKKKKKKKKKKKKJ
KKKKKKKKKKKKKKKKKKKKKKKKJ
KKKKKKKKKKKKKKKKKKKKKKKKJ
KKKKKKKKKKKKKKKKKKKKKKKKJ
KKKKKKKKKKKKKKKKKKKKKKKKJ
KKKKKKKKKKKKKKKKKKKKKKKKJ
KKKKKKKKKKKKKKKKKKKKKKKKJ
KKKKKKKKKKKKKKKKKKKKKKKKJ
KKKKKKKKKKKKKKKKKKKKKKKKJ
KKKKKKKKKKKKKKKKKKKKKKKKJ
KKKKKKKKKKKKKKKKKKKKKKKKJ
KKKKKKKKKKKKKKKKKKKKKKKKJ
KKKKKKKKKKKKKKKKKKKKKKKKJ
KKKKKKKKKKKKKKKKKKKKKKKKJ
KKKKKKKKKKKKKKKKKKKKKKKKJ
KKKKKKKKKKKKKKKKKKKKKKKKJ
KKKKKKKKKKKKKKKKKKKKKKKKJ
VVVVVVVVVVVVVVVVVVVVVVVVE
WWWWWWWWWWWWWWWWWWWWWWWWR
HHHHHHHHHHHHHHHHHHHHHLLLU
XXXXXXXXXXXXXXXXXXXXBIIIZ
AAAAAAAAAAAAAAAAAAAABIIIO
AAAAAAAAAAAAAAAAAAAABIIIY
NNNNNNNNNNNNNNNNNNQDCGGGF
NNNNNNNNNNNNNNNNNNQSCPPTM
Case #22:
XXXXXXXXXXXXXXXXXXFFFFFFF
XXXXXXXXXXXXXXXXXXCCCCCCC
XXXXXXXXXXXXXXXXXXCCCCCCC
XXXXXXXXXXXXXXXXXXCCCCCCC
JJJJJJJHHHHHHHHHHHCCCCCCC
JJJJJJJHHHHHHHHHHHCCCCCCC
JJJJJJJQQQQQQQQQQQCCCCCCC
JJJJJJJQQQQQQQQQQQDDDDDDD
JJJJJJJQQQQQQQQQQQYYYYYYY
NNNNNNNVVVVVIIIIIIYYYYYYY
GGGGGGGVVVVVAAAAAAYYYYYYY
SSSSSSSVVVVVAAAAAAYYYYYYY
SSSSSSSVVVVVAAAAAAYYYYYYY
SSSSSSSVVVVVAAAAAABBBBBBB
SSSSSSSVVVVVZZZZZZBBBBBBB
SSSSSSSVVVVVZZZZZZBBBBBBB
SSSSSSSVVVVVZZZZZZEEEEEEE
MMMMMMMLLLLLZZZZZZEEEEEEE
UUUUUUOLLLLLZZZZZZEEEEEEE
UUUUUUOLLLLLZZZZZZKKKKKKK
WWWWWWOLLLLLZZZZZZKKKKKKK
PPPPPPOLLLLLZZZZZZKKKKKKK
PPPPPPOLLLLLZZZZZZKKKKKKK
PPPPPPOLLLLLZZZZZZKKKKKKK
TTTTTTOLLLLLZZZZZZRRRRRRR
Case #23:
IIIIIIIIIIIIIIIIIIIIIOOOO
IIIIIIIIIIIIIIIIIIIIIOOOO
IIIIIIIIIIIIIIIIIIIIIOOOO
IIIIIIIIIIIIIIIIIIIIIOOOO
IIIIIIIIIIIIIIIIIIIIIOOOO
IIIIIIIIIIIIIIIIIIIIIOOOO
IIIIIIIIIIIIIIIIIIIIIOOOO
IIIIIIIIIIIIIIIIIIIIIOOOO
IIIIIIIIIIIIIIIIIIIIIOOOO
IIIIIIIIIIIIIIIIIIIIIOOOO
IIIIIIIIIIIIIIIIIIIIIOOOO
IIIIIIIIIIIIIIIIIIIIIOOOO
IIIIIIIIIIIIIIIIIIIIIOOOO
IIIIIIIIIIIIIIIIIIIIIOOOO
UUUUUUUUUUUUUUUUUUUUUMMMM
RRRRRRRRRRRRRRRRRRRRRMMMM
BBBBBBBBBBBBBBBBBBBBKHJJJ
NNNNNNNNNNNNNNNNNNNNZHTTT
NNNNNNNNNNNNNNNNNNNNZHTTT
NNNNNNNNNNNNNNNNNNNNZHQQQ
GGGGGGGGGGGGGGGGGGEAFWQQQ
GGGGGGGGGGGGGGGGGGEAFWPPP
XXXXXXXXXXXXXXXXXXEAFWDDD
VVVVVVVVVVVVSSSSSSEAFWDDD
VVVVVVVVVVVVCCCCCYELFWDDD
Case #24:
ABCDEFGHIJKLMNOPQRSTUVWXY
ABCDEFGHIJKLMNOPQRSTUVWXY
ABCDEFGHIJKLMNOPQRSTUVWXY
ABCDEFGHIJKLMNOPQRSTUVWXY
ABCDEFGHIJKLMNOPQRSTUVWXY
ABCDEFGHIJKLMNOPQRSTUVWXY
ABCDEFGHIJKLMNOPQRSTUVWXY
ABCDEFGHIJKLMNOPQRSTUVWXY
ABCDEFGHIJKLMNOPQRSTUVWXY
ABCDEFGHIJKLMNOPQRSTUVWXY
ABCDEFGHIJKLMNOPQRSTUVWXY
ABCDEFGHIJKLMNOPQRSTUVWXY
ABCDEFGHIJKLMNOPQRSTUVWXY
ABCDEFGHIJKLMNOPQRSTUVWXY
ABCDEFGHIJKLMNOPQRSTUVWXY
ABCDEFGHIJKLMNOPQRSTUVWXY
ABCDEFGHIJKLMNOPQRSTUVWXY
ABCDEFGHIJKLMNOPQRSTUVWXY
ABCDEFGHIJKLMNOPQRSTUVWXY
ABCDEFGHIJKLMNOPQRSTUVWXY
ABCDEFGHIJKLMNOPQRSTUVWXY
ABCDEFGHIJKLMNOPQRSTUVWXY
ABCDEFGHIJKLMNOPQRSTUVWXY
ABCDEFGHIJKLMNOPQRSTUVWXY
ABCDEFGHIJKLMNOPQRSTUVWXY
Case #25:
IIIIIIIIIIIIIIIIIIIIIIIII
IIIIIIIIIIIIIIIIIIIIIIIII
UUUUUUUUUUUUUUUUUUUUUUUUU
UUUUUUUUUUUUUUUUUUUUUUUUU
UUUUUUUUUUUUUUUUUUUUUUUUU
YYYYYYYYYYYYYLLLLLLLLLLLL
EEEEEEEEEEEEERRRRRRRRRRRR
MMMMMMMMMMMMMRRRRRRRRRRRR
CCCCNNNNNNNNNRRRRRRRRRRRR
CCCCNNNNNNNNNRRRRRRRRRRRR
CCCCTTTTDDDDXBBBBBBBBBBBB
CCCCTTTTDDDDXGGGGGGGGGGGG
PPPPQQQQDDDDXGGGGGGGGGGGG
PPPPQQQQFFFFXGGGGGGGGGGGG
PPPPQQQQFFFFXGGGGGGGGGGGG
PPPPQQQQFFFFXSSSSSSSSSSSS
PPPPQQQQFFFFXSSSSSSSSSSSS
PPPPOOOOFFFFXSSSSSSSSSSSS
PPPPOOOOFFFFXAAAAAAAAAAAA
PPPPOOOOFFFFXAAAAAAAAAAAA
PPPPHHHHFFFFXKKKKKKKKKKKK
PPPPHHHHFFFFXWWWWWWWWWWWW
JJJJHHHHFFFFXWWWWWWWWWWWW
JJJJHHHHFFFFXVVVVVVVVVVVV
Case #26:
AB
Case #27:
MLLLL
MLLLL
KIAAA
GCHJJ
BNOJJ
EFOJJ
DFOJJ
Case #28:
ABCDEFGHIJKLMNOPQRSTUVWXY
ABCDEFGHIJKLMNOPQRSTUVWXY
ABCDEFGHIJKLMNOPQRSTUVWXY
ABCDEFGHIJKLMNOPQRSTUVWXY
ABCDEFGHIJKLMNOPQRSTUVWXY
ABCDEFGHIJKLMNOPQRSTUVWXY
ABCDEFGHIJKLMNOPQRSTUVWXY
ABCDEFGHIJKLMNOPQRSTUVWXY
ABCDEFGHIJKLMNOPQRSTUVWXY
ABCDEFGHIJKLMNOPQRSTUVWXY
ABCDEFGHIJKLMNOPQRSTUVWXY
ABCDEFGHIJKLMNOPQRSTUVWXY
ABCDEFGHIJKLMNOPQRSTUVWXY
ABCDEFGHIJKLMNOPQRSTUVWXY
ABCDEFGHIJKLMNOPQRSTUVWXY
ABCDEFGHIJKLMNOPQRSTUVWXY
ABCDEFGHIJKLMNOPQRSTUVWXY
ABCDEFGHIJKLMNOPQRSTUVWXY
ABCDEFGHIJKLMNOPQRSTUVWXY
ABCDEFGHIJKLMNOPQRSTUVWXY
ABCDEFGHIJKLMNOPQRSTUVWXY
ABCDEFGHIJKLMNOPQRSTUVWXY
ABCDEFGHIJKLMNOPQRSTUVWXY
ABCDEFGHIJKLMNOPQRSTUVWXY
ABCDEFGHIJKLMNOPQRSTUVWXY
Case #29:
AAAAABBBBBBBBBBBBBBBBBBBB
AAAAABBBBBBBBBBBBBBBBBBBB
AAAAABBBBBBBBBBBBBBBBBBBB
AAAAABBBBBBBBBBBBBBBBBBBB
AAAAABBBBBBBBBBBBBBBBBBBB
CCCCCBBBBBBBBBBBBBBBBBBBB
CCCCCDDDDDDDDDDDDDDDDDDDD
EEEEEDDDDDDDDDDDDDDDDDDDD
EEEEEDDDDDDDDDDDDDDDDDDDD
EEEEEDDDDDDDDDDDDDDDDDDDD
EEEEEDDDDDDDDDDDDDDDDDDDD
EEEEEDDDDDDDDDDDDDDDDDDDD
EEEEEDDDDDDDDDDDDDDDDDDDD
EEEEEDDDDDDDDDDDDDDDDDDDD
EEEEEDDDDDDDDDDDDDDDDDDDD
EEEEEDDDDDDDDDDDDDDDDDDDD
EEEEEFFFFFFFFFFFFFHHHHHHH
EEEEEFFFFFFFFFFFFFJJJJJJJ
EEEEEFFFFFFFFFFFFFJJJJJJJ
EEEEEFFFFFFFFFFFFFJJJJJJJ
EEEEEFFFFFFFFFFFFFJJJJJJJ
EEEEEGGGGGGGGGGGGGIIIIIII
EEEEEGGGGGGGGGGGGGIIIIIII
EEEEEGGGGGGGGGGGGGIIIIIII
EEEEEGGGGGGGGGGGGGIIIIIII
Case #30:
TTTTTTTTTTTTTTTTPPPMBRRRR
TTTTTTTTTTTTTTTTPPPMBRRRR
TTTTTTTTTTTTTTTTPPPMBRRRR
TTTTTTTTTTTTTTTTPPPMBRRRR
TTTTTTTTTTTTTTTTPPPMBRRRR
TTTTTTTTTTTTTTTTPPPMBRRRR
TTTTTTTTTTTTTTTTPPPMBRRRR
TTTTTTTTTTTTTTTTPPPMBRRRR
TTTTTTTTTTTTTTTTPPPMBRRRR
TTTTTTTTTTTTTTTTPPPMBRRRR
TTTTTTTTTTTTTTTTPPPMBRRRR
TTTTTTTTTTTTTTTTPPPMBRRRR
TTTTTTTTTTTTTTTTPPPMBRRRR
TTTTTTTTTTTTTTTTPPPMBRRRR
TTTTTTTTTTTTTTTTPPPMBRRRR
TTTTTTTTTTTTTTTTPPPMBRRRR
WWWWWWWWWWWWWWWWNNVZBYYYY
JJJJJJJJJJJJJJJJHHVCBUUUU
JJJJJJJJJJJJJJJJEEVLBKXXX
QQQQQQQQQQQQQQQQAAVLGKXXX
QQQQQQQQQQQQQQQQSIFOGKXXX
QQQQQQQQQQQQQQQQSIDOGKXXX
QQQQQQQQQQQQQQQQSIDOGKXXX
QQQQQQQQQQQQQQQQSIDOGKXXX
QQQQQQQQQQQQQQQQSIDOGKXXX
Case #31:
CB
CA
Case #32:
AAAAAAAAAAAAAAAAAAAAAAAAA
BBBBBBBBBBBBBBBBBBBBBBBBB
CCCCCCCCCCCCCCCCCCCCCCCCC
DDDDDDDDDDDDDDDDDDDDDDDDD
EEEEEEEEEEEEEEEEEEEEEEEEE
FFFFFFFFFFFFFFFFFFFFFFFFF
GGGGGGGGGGGGGGGGGGGGGGGGG
HHHHHHHHHHHHHHHHHHHHHHHHH
IIIIIIIIIIIIIIIIIIIIIIIII
JJJJJJJJJJJJJJJJJJJJJJJJJ
KKKKKKKKKKKKKKKKKKKKKKKKK
LLLLLLLLLLLLLLLLLLLLLLLLL
MMMMMMMMMMMMMMMMMMMMMMMMM
NNNNNNNNNNNNNNNNNNNNNNNNN
OOOOOOOOOOOOOOOOOOOOOOOOO
PPPPPPPPPPPPPPPPPPPPPPPPP
QQQQQQQQQQQQQQQQQQQQQQQQQ
RRRRRRRRRRRRRRRRRRRRRRRRR
SSSSSSSSSSSSSSSSSSSSSSSSS
TTTTTTTTTTTTTTTTTTTTTTTTT
UUUUUUUUUUUUUUUUUUUUUUUUU
VVVVVVVVVVVVVVVVVVVVVVVVV
WWWWWWWWWWWWWWWWWWWWWWWWW
XXXXXXXXXXXXXXXXXXXXXXXXX
YYYYYYYYYYYYYYYYYYYYYYYYY
Case #33:
FFFFFFFFFFFFFFFFFFFFFFFFF
FFFFFFFFFFFFFFFFFFFFFFFFF
FFFFFFFFFFFFFFFFFFFFFFFFF
VVVOOOOOOOOOOOOOOOOOOOOOO
VVVOOOOOOOOOOOOOOOOOOOOOO
CCCOOOOOOOOOOOOOOOOOOOOOO
CCCGGGGGGGGGGGGGGGGGGSSSS
CCCGGGGGGGGGGGGGGGGGGSSSS
CCCGGGGGGGGGGGGGGGGGGNNNN
CCCDDDDDDDDDDDDDDQQQQNNNN
CCCYYYYYYYYYYYYYYMMMMNNNN
CCCYYYYYYYYYYYYYYMMMMNNNN
CCCAAAAAAAAAAAAAAMMMMNNNN
CCCWWWWWWWWWWWWWXMMMMNNNN
CCCWWWWWWWWWWWWWXMMMMNNNN
CCCWWWWWWWWWWWWWXMMMMHHHH
CCCWWWWWWWWWWWWWXMMMMHHHH
CCCBBBBBBBBBBBBBXMMMMHHHH
CCCBBBBBBBBBBBBBXJJJJHHHH
CCCTTTTTZZZZZZZEXJJJJHHHH
CCCTTTTTLLLLLLLEXJJJJHHHH
CCCTTTTTLLLLLLLEXJJJJPPPP
CCCTTTTTLLLLLLLEXJJJJPPPP
CCCUUUUULLLLLLLEXJJJJPPPP
CCCUUUUURRRKKKIEXJJJJPPPP
Case #34:
AAAAAAAAAAABBBBBBBBBBBBBB
AAAAAAAAAAABBBBBBBBBBBBBB
AAAAAAAAAAABBBBBBBBBBBBBB
AAAAAAAAAAABBBBBBBBBBBBBB
AAAAAAAAAAABBBBBBBBBBBBBB
AAAAAAAAAAABBBBBBBBBBBBBB
AAAAAAAAAAABBBBBBBBBBBBBB
AAAAAAAAAAABBBBBBBBBBBBBB
AAAAAAAAAAABBBBBBBBBBBBBB
AAAAAAAAAAABBBBBBBBBBBBBB
AAAAAAAAAAABBBBBBBBBBBBBB
AAAAAAAAAAABBBBBBBBBBBBBB
AAAAAAAAAAABBBBBBBBBBBBBB
AAAAAAAAAAABBBBBBBBBBBBBB
AAAAAAAAAAABBBBBBBBBBBBBB
AAAAAAAAAAABBBBBBBBBBBBBB
AAAAAAAAAAABBBBBBBBBBBBBB
AAAAAAAAAAABBBBBBBBBBBBBB
CCCCCCCCCCCBBBBBBBBBBBBBB
CCCCCCCCCCCDDDDDDDDDDDDDD
EEEEEEEEEEEDDDDDDDDDDDDDD
EEEEEEEEEEEDDDDDDDDDDDDDD
EEEEEEEEEEEDDDDDDDDDDDDDD
EEEEEEEEEEEDDDDDDDDDDDDDD
EEEEEEEEEEEDDDDDDDDDDDDDD
Case #35:
AAAAAAAAAAAAAAAAAAAAAAAAA
BBBBBBBBBBBBBBBBBBBBBBBBB
CCCCCCCCCCCCCCCCCCCCCCCCC
DDDDDDDDDDDDDDDDDDDDDDDDD
EEEEEEEEEEEEEEEEEEEEEEEEE
FFFFFFFFFFFFFFFFFFFFFFFFF
GGGGGGGGGGGGGGGGGGGGGGGGG
HHHHHHHHHHHHHHHHHHHHHHHHH
IIIIIIIIIIIIIIIIIIIIIIIII
JJJJJJJJJJJJJJJJJJJJJJJJJ
KKKKKKKKKKKKKKKKKKKKKKKKK
LLLLLLLLLLLLLLLLLLLLLLLLL
MMMMMMMMMMMMMMMMMMMMMMMMM
NNNNNNNNNNNNNNNNNNNNNNNNN
OOOOOOOOOOOOOOOOOOOOOOOOO
PPPPPPPPPPPPPPPPPPPPPPPPP
QQQQQQQQQQQQQQQQQQQQQQQQQ
RRRRRRRRRRRRRRRRRRRRRRRRR
SSSSSSSSSSSSSSSSSSSSSSSSS
TTTTTTTTTTTTTTTTTTTTTTTTT
UUUUUUUUUUUUUUUUUUUUUUUUU
VVVVVVVVVVVVVVVVVVVVVVVVV
WWWWWWWWWWWWWWWWWWWWWWWWW
XXXXXXXXXXXXXXXXXXXXXXXXX
YYYYYYYYYYYYYYYYYYYYYYYYY
Case #36:
AA
AA
Case #37:
AAAAAAAAAAAAABBBBBBBBBBBB
AAAAAAAAAAAAABBBBBBBBBBBB
AAAAAAAAAAAAABBBBBBBBBBBB
AAAAAAAAAAAAABBBBBBBBBBBB
AAAAAAAAAAAAABBBBBBBBBBBB
AAAAAAAAAAAAABBBBBBBBBBBB
AAAAAAAAAAAAABBBBBBBBBBBB
AAAAAAAAAAAAABBBBBBBBBBBB
AAAAAAAAAAAAABBBBBBBBBBBB
AAAAAAAAAAAAABBBBBBBBBBBB
AAAAAAAAAAAAABBBBBBBBBBBB
AAAAAAAAAAAAABBBBBBBBBBBB
AAAAAAAAAAAAABBBBBBBBBBBB
AAAAAAAAAAAAABBBBBBBBBBBB
AAAAAAAAAAAAABBBBBBBBBBBB
CCCCCCCCCCCCCBBBBBBBBBBBB
CCCCCCCCCCCCCDDDDDDDDDDDD
EEEEEEEEEEEEEDDDDDDDDDDDD
EEEEEEEEEEEEEDDDDDDDDDDDD
EEEEEEEEEEEEEDDDDDDDDDDDD
EEEEEEEEEEEEEDDDDDDDDDDDD
EEEEEEEEEEEEEDDDDDDDDDDDD
EEEEEEEEEEEEEDDDDDDDDDDDD
EEEEEEEEEEEEEDDDDDDDDDDDD
EEEEEEEEEEEEEDDDDDDDDDDDD
Case #38:
GGSSCIEEEEEFFZBBBBXAYYNNT
JJMMCIKVVRLWWPDQQQHOYYNNU
Case #39:
AAACCCCCCCCCCCCCCCCCCCCCC
AAACCCCCCCCCCCCCCCCCCCCCC
AAACCCCCCCCCCCCCCCCCCCCCC
AAAEEEEEEEEEEEEEEEEEEEEEE
AAAEEEEEEEEEEEEEEEEEEEEEE
AAAEEEEEEEEEEEEEEEEEEEEEE
AAAEEEEEEEEEEEEEEEEEEEEEE
BBBDDDDDDDDDDDDDDDDDDDDDD
BBBDDDDDDDDDDDDDDDDDDDDDD
BBBDDDDDDDDDDDDDDDDDDDDDD
BBBDDDDDDDDDDDDDDDDDDDDDD
BBBDDDDDDDDDDDDDDDDDDDDDD
BBBDDDDDDDDDDDDDDDDDDDDDD
BBBDDDDDDDDDDDDDDDDDDDDDD
BBBDDDDDDDDDDDDDDDDDDDDDD
BBBDDDDDDDDDDDDDDDDDDDDDD
BBBDDDDDDDDDDDDDDDDDDDDDD
BBBDDDDDDDDDDDDDDDDDDDDDD
BBBDDDDDDDDDDDDDDDDDDDDDD
BBBFFFFFFFFFFFFFFFFFFGGGG
BBBHHHHHHHHHHHHHHHHHHGGGG
BBBHHHHHHHHHHHHHHHHHHIIII
BBBJJJJJJJJJJJJJJJJJJIIII
BBBJJJJJJJJJJJJJJJJJJIIII
BBBJJJJJJJJJJJJJJJJJJIIII
Case #40:
YYYYYYYYYYYYYYYYYYYYYYYYY
YYYYYYYYYYYYYYYYYYYYYYYYY
YYYYYYYYYYYYYYYYYYYYYYYYY
YYYYYYYYYYYYYYYYYYYYYYYYY
YYYYYYYYYYYYYYYYYYYYYYYYY
YYYYYYYYYYYYYYYYYYYYYYYYY
YYYYYYYYYYYYYYYYYYYYYYYYY
YYYYYYYYYYYYYYYYYYYYYYYYY
YYYYYYYYYYYYYYYYYYYYYYYYY
YYYYYYYYYYYYYYYYYYYYYYYYY
YYYYYYYYYYYYYYYYYYYYYYYYY
YYYYYYYYYYYYYYYYYYYYYYYYY
YYYYYYYYYYYYYYYYYYYYYYYYY
YYYYYYYYYYYYYYYYYYYYYYYYY
LLLLEEEEEEEEEEEEEEEEEEEEE
LLLLHPPPRRRRRRRRRRRRRRRRR
OOOOHVVVRRRRRRRRRRRRRRRRR
ZZZZHIIIRRRRRRRRRRRRRRRRR
ZZZZAIIIBBBBWWWWWWWWWWWWW
FFFFAIIIKKJJWWWWWWWWWWWWW
SSSSACCCKKDDWWWWWWWWWWWWW
SSSSAGGGNNDDWWWWWWWWWWWWW
MMMMAGGGNNDDWWWWWWWWWWWWW
TTTTAGGGUUXXWWWWWWWWWWWWW
TTTTAGGGQQXXWWWWWWWWWWWWW
Case #41:
CCCYYYYYYYYYYYYYYYYYYYYYY
CCCYYYYYYYYYYYYYYYYYYYYYY
CCCYYYYYYYYYYYYYYYYYYYYYY
CCCYYYYYYYYYYYYYYYYYYYYYY
CCCRRHHHHHHHHHHHHHHHHHHHH
EETRRHHHHHHHHHHHHHHHHHHHH
EETBXHHHHHHHHHHHHHHHHHHHH
ZZNWXLLLLLLLLLLLLLLLLLLLL
ZZPWXSSSSMMMMMMMMMMMMMMMM
ZZPWXSSSSMMMMMMMMMMMMMMMM
ZZPWXSSSSDDDDDDDDDDDDDDDD
ZZPWXSSSSKIIIIIIIIIIIIIII
ZZPWQSSSSOIIIIIIIIIIIIIII
ZZPWFJJJJOIIIIIIIIIIIIIII
ZZPWFGUUUOIIIIIIIIIIIIIII
ZZPWFAUUUOIIIIIIIIIIIIIII
ZZPWFAUUUOIIIIIIIIIIIIIII
ZZPWFAUUUOIIIIIIIIIIIIIII
ZZVWFAUUUOIIIIIIIIIIIIIII
ZZVWFAUUUOIIIIIIIIIIIIIII
ZZVWFAUUUOIIIIIIIIIIIIIII
ZZVWFAUUUOIIIIIIIIIIIIIII
ZZVWFAUUUOIIIIIIIIIIIIIII
ZZVWFAUUUOIIIIIIIIIIIIIII
ZZVWFAUUUOIIIIIIIIIIIIIII
Case #42:
AAAAAAAAAAAAAAAAAAAAAAAAA
AAAAAAAAAAAAAAAAAAAAAAAAA
AAAAAAAAAAAAAAAAAAAAAAAAA
AAAAAAAAAAAAAAAAAAAAAAAAA
AAAAAAAAAAAAAAAAAAAAAAAAA
AAAAAAAAAAAAAAAAAAAAAAAAA
AAAAAAAAAAAAAAAAAAAAAAAAA
AAAAAAAAAAAAAAAAAAAAAAAAA
AAAAAAAAAAAAAAAAAAAAAAAAA
AAAAAAAAAAAAAAAAAAAAAAAAA
AAAAAAAAAAAAAAAAAAAAAAAAA
AAAAAAAAAAAAAAAAAAAAAAAAA
AAAAAAAAAAAAAAAAAAAAAAAAA
AAAAAAAAAAAAAAAAAAAAAAAAA
AAAAAAAAAAAAAAAAAAAAAAAAA
AAAAAAAAAAAAAAAAAAAAAAAAA
AAAAAAAAAAAAAAAAAAAAAAAAA
AAAAAAAAAAAAAAAAAAAAAAAAA
AAAAAAAAAAAAAAAAAAAAAAAAA
AAAAAAAAAAAAAAAAAAAAAAAAA
AAAAAAAAAAAAAAAAAAAAAAAAA
AAAAAAAAAAAAAAAAAAAAAAAAA
AAAAAAAAAAAAAAAAAAAAAAAAA
AAAAAAAAAAAAAAAAAAAAAAAAA
AAAAAAAAAAAAAAAAAAAAAAAAA
Case #43:
CCCCC
CCCCC
AAAAA
BBBBB
BBBBB
Case #44:
AAAAAAAAAAAAAAAAAAAAAAAAA
AAAAAAAAAAAAAAAAAAAAAAAAA
AAAAAAAAAAAAAAAAAAAAAAAAA
AAAAAAAAAAAAAAAAAAAAAAAAA
AAAAAAAAAAAAAAAAAAAAAAAAA
AAAAAAAAAAAAAAAAAAAAAAAAA
AAAAAAAAAAAAAAAAAAAAAAAAA
AAAAAAAAAAAAAAAAAAAAAAAAA
AAAAAAAAAAAAAAAAAAAAAAAAA
AAAAAAAAAAAAAAAAAAAAAAAAA
JJUUUUUUUUUUUUUUUUUUUUUUU
TTUUUUUUUUUUUUUUUUUUUUUUU
CCEFFFFFFFFFFFFFFFFFFFFFF
QQEGGGGGGGGGGGGGGGGGGGGGG
LLEZZPPPPPPPPPPPPPPPPPPPP
DDNBMYRRRRRRRRRRRRRRRRRRR
DDNIXYRRRRRRRRRRRRRRRRRRR
KKNVXYRRRRRRRRRRRRRRRRRRR
SOWHXYRRRRRRRRRRRRRRRRRRR
SOWHXYRRRRRRRRRRRRRRRRRRR
SOWHXYRRRRRRRRRRRRRRRRRRR
SOWHXYRRRRRRRRRRRRRRRRRRR
SOWHXYRRRRRRRRRRRRRRRRRRR
SOWHXYRRRRRRRRRRRRRRRRRRR
SOWHXYRRRRRRRRRRRRRRRRRRR
Case #45:
ACCCCCCCCCCCCCCCCCCCCCCCC
ACCCCCCCCCCCCCCCCCCCCCCCC
ACCCCCCCCCCCCCCCCCCCCCCCC
ACCCCCCCCCCCCCCCCCCCCCCCC
ACCCCCCCCCCCCCCCCCCCCCCCC
AEEEEEEEEEEEEEEEEEEEEEEEE
AEEEEEEEEEEEEEEEEEEEEEEEE
AEEEEEEEEEEEEEEEEEEEEEEEE
AEEEEEEEEEEEEEEEEEEEEEEEE
BDDDDDDDDDDDDDDDDDDDDDDDD
BDDDDDDDDDDDDDDDDDDDDDDDD
BDDDDDDDDDDDDDDDDDDDDDDDD
BDDDDDDDDDDDDDDDDDDDDDDDD
BDDDDDDDDDDDDDDDDDDDDDDDD
BDDDDDDDDDDDDDDDDDDDDDDDD
BDDDDDDDDDDDDDDDDDDDDDDDD
BDDDDDDDDDDDDDDDDDDDDDDDD
BDDDDDDDDDDDDDDDDDDDDDDDD
BDDDDDDDDDDDDDDDDDDDDDDDD
BDDDDDDDDDDDDDDDDDDDDDDDD
BDDDDDDDDDDDDDDDDDDDDDDDD
BDDDDDDDDDDDDDDDDDDDDDDDD
BDDDDDDDDDDDDDDDDDDDDDDDD
BDDDDDDDDDDDDDDDDDDDDDDDD
BDDDDDDDDDDDDDDDDDDDDDDDD
Case #46:
EEEEEEEEEEEEEEEEEEEBBBBBB
EEEEEEEEEEEEEEEEEEEBBBBBB
EEEEEEEEEEEEEEEEEEEBBBBBB
EEEEEEEEEEEEEEEEEEEBBBBBB
EEEEEEEEEEEEEEEEEEEBBBBBB
EEEEEEEEEEEEEEEEEEELLLLLL
FFFFFFFFFFFFFFFFFFFLLLLLL
DDDDDDDDDDDDDDDDDDDLLLLLL
DDDDDDDDDDDDDDDDDDDMMMMMM
DDDDDDDDDDDDDDDDDDDGGGGGG
HHHHHHHHHHHHHHHHHHHGGGGGG
VVVVVVVVVVVVTTTTTTTGGGGGG
VVVVVVVVVVVVTTTTTTTSSSSSS
VVVVVVVVVVVVTTTTTTTKKKKKK
VVVVVVVVVVVVOOOOOOOKKKKKK
UUUUUUUUUUCCOOOOOOOKKKKKK
ZZZZZZZZZZCCNNNNNNNKKKKKK
ZZZZZZZZZZCCAAAAAAAKKKKKK
ZZZZZZZZZZCCIIIIIIIWWWRRR
QQQQQQQQQQCCIIIIIIIWWWRRR
QQQQQQQQQQCCXXXXXXXWWWRRR
QQQQQQQQQQCCPPPPPPPWWWRRR
QQQQQQQQQQCCYYYYYYYWWWRRR
QQQQQQQQQQCCYYYYYYYWWWRRR
QQQQQQQQQQCCJJJJJJJWWWRRR
Case #47:
ZZZZZZZZZZZZZZZZZZZZZZZZZ
ZZZZZZZZZZZZZZZZZZZZZZZZZ
ZZZZZZZZZZZZZZZZZZZZZZZZZ
NNNNNNNNNNNNNVVVVVVVVVVVV
XXXXXXXXXXXXXDDDDDDDDTTTT
XXXXXXXXXXXXXDDDDDDDDTTTT
HHHHHHHHHHHHHDDDDDDDDTTTT
HHHHHHHHHHHHHDDDDDDDDTTTT
IIIIIIIIIIIIIDDDDDDDDTTTT
IIIIIIIIIIIIILLLLLLLLTTTT
YYYYYYYYYYYYYLLLLLLLLTTTT
YYYYYYYYYYYYYLLLLLLLLTTTT
YYYYYYYYYYYYYLLLLLLLLTTTT
UUUUUUUUUUUUUFFFFFFFFTTTT
OOOOOOOOOOOOOPPPPMMMJGGGG
KKKKKKKKKKKKKPPPPMMMJAAAA
KKKKKKKKKKKKKPPPPCCCJAAAA
BBBBBBBBBBBBBPPPPCCCJAAAA
BBBBBBBBBBBBBPPPPCCCJAAAA
SSSSSSSSSSSSSPPPPCCCJWWWW
SSSSSSSSSSSSSPPPPCCCJWWWW
SSSSSSSSSSSSSPPPPCCCJWWWW
SSSSSSSSSSSSSRRRRCCCJWWWW
SSSSSSSSSSSSSRRRRCCCJQQQQ
SSSSSSSSSSSSSRRRREEEJQQQQ
Case #48:
BBBB
BBBB
BBBB
AAAA
Case #49:
HHHHHHHHHHHHHHHHHHHHHHHHH
HHHHHHHHHHHHHHHHHHHHHHHHH
WWWWWWWWWWWWWWWWWWWWWWWWW
EEEEEEEEEEEEEEEEEEEEEEEEE
EEEEEEEEEEEEEEEEEEEEEEEEE
YYYYYYYYYVVVVVVVVVVVVVVVV
YYYYYYYYYJJJJJJJJJJJJJJJJ
YYYYYYYYYSSSSSSSSSSSSSSSS
MMLLLLLLLRRRRRRRRRRRRRKKK
MMLLLLLLLRRRRRRRRRRRRRXXX
MMLLLLLLLRRRRRRRRRRRRRXXX
MMLLLLLLLTTTTTTTTTTTTTXXX
MMLLLLLLLTTTTTTTTTTTTTXXX
MMLLLLLLLGGGGGGGGGGGOOXXX
MMLLLLLLLGGGGGGGGGGGOOXXX
MMFFFFFFFGGGGGGGGGGGOOXXX
QQFFFFFFFGGGGGGGGGGGOOXXX
QQFFFFFFFIIIIIIIIIIIOOXXX
QQFFFFFFFIIIIIIIIIIIOOXXX
QQFFFFFFFIIIIIIIIIIIOOXXX
QQFFFFFFFIIIIIIIIIIIOOXXX
QQFFFFFFFCCCDDDDDDDDOOXXX
QQFFFFFFFCCCDDDDDDDDOOXXX
QQBBBBBBZNNPAAAAAAAAOOXXX
QQBBBBBBZNNPUUUUUUUUOOXXX
Case #50:
RRRRRRRRRRRRRRRRRRRRRRRRR
RRRRRRRRRRRRRRRRRRRRRRRRR
RRRRRRRRRRRRRRRRRRRRRRRRR
RRRRRRRRRRRRRRRRRRRRRRRRR
RRRRRRRRRRRRRRRRRRRRRRRRR
RRRRRRRRRRRRRRRRRRRRRRRRR
RRRRRRRRRRRRRRRRRRRRRRRRR
RRRRRRRRRRRRRRRRRRRRRRRRR
RRRRRRRRRRRRRRRRRRRRRRRRR
RRRRRRRRRRRRRRRRRRRRRRRRR
RRRRRRRRRRRRRRRRRRRRRRRRR
RRRRRRRRRRRRRRRRRRRRRRRRR
VVVVVVVVVVVVVVVVVVVVVVVVV
VVVVVVVVVVVVVVVVVVVVVVVVV
XXXXXXXXXXXXXXXXXXXXXXXXX
SSSSSSSSSSSSSSSSSSSSSSSSS
AAAAKKKKKKKKKKKKKKKKKKKKK
LLLPMMMYYYYYYYYYYYYYYYYYY
LLLPJJJYYYYYYYYYYYYYYYYYY
LLLPDZFYYYYYYYYYYYYYYYYYY
LLLPDZFIIIIIIIIIIIIIIIIII
LLLPDZFIIIIIIIIIIIIIIIIII
BBBPTZFNNEEEEEEEEEEEEEEEE
UUWPCZQNNEEEEEEEEEEEEEEEE
GGWPOZQNNHHHHHHHHHHHHHHHH
Case #51:
JGBKEDDIICFLLHHMMMMAAAAAA
Case #52:
AAAAAAAAAAAAAAAAAAAAAAAAA
BBBBBBBBBBBBBBBBBBBBBBBBB
CCCCCCCCCCCCCCCCCCCCCCCCC
DDDDDDDDDDDDDDDDDDDDDDDDD
EEEEEEEEEEEEEEEEEEEEEEEEE
FFFFFFFFFFFFFFFFFFFFFFFFF
GGGGGGGGGGGGGGGGGGGGGGGGG
HHHHHHHHHHHHHHHHHHHHHHHHH
IIIIIIIIIIIIIIIIIIIIIIIII
JJJJJJJJJJJJJJJJJJJJJJJJJ
KKKKKKKKKKKKKKKKKKKKKKKKK
LLLLLLLLLLLLLLLLLLLLLLLLL
MMMMMMMMMMMMMMMMMMMMMMMMM
NNNNNNNNNNNNNNNNNNNNNNNNN
OOOOOOOOOOOOOOOOOOOOOOOOO
PPPPPPPPPPPPPPPPPPPPPPPPP
QQQQQQQQQQQQQQQQQQQQQQQQQ
RRRRRRRRRRRRRRRRRRRRRRRRR
SSSSSSSSSSSSSSSSSSSSSSSSS
TTTTTTTTTTTTTTTTTTTTTTTTT
UUUUUUUUUUUUUUUUUUUUUUUUU
VVVVVVVVVVVVVVVVVVVVVVVVV
WWWWWWWWWWWWWWWWWWWWWWWWW
XXXXXXXXXXXXXXXXXXXXXXXXX
YYYYYYYYYYYYYYYYYYYYYYYYY
Case #53:
KKKKKKKKKKKKKKKKKKKKKKKKK
KKKKKKKKKKKKKKKKKKKKKKKKK
KKKKKKKKKKKKKKKKKKKKKKKKK
KKKKKKKKKKKKKKKKKKKKKKKKK
KKKKKKKKKKKKKKKKKKKKKKKKK
KKKKKKKKKKKKKKKKKKKKKKKKK
KKKKKKKKKKKKKKKKKKKKKKKKK
KKKKKKKKKKKKKKKKKKKKKKKKK
KKKKKKKKKKKKKKKKKKKKKKKKK
KKKKKKKKKKKKKKKKKKKKKKKKK
KKKKKKKKKKKKKKKKKKKKKKKKK
KKKKKKKKKKKKKKKKKKKKKKKKK
KKKKKKKKKKKKKKKKKKKKKKKKK
GGGGGGGGGGGGGGGGGGGGGGGGG
OOOLLLLLLLLLLLLLLLLLLLLLL
OOOLLLLLLLLLLLLLLLLLLLLLL
OOOHHHHHHHWWWWWWWWWWWWWWW
QQQNNNNNNNCCCCCCCCCCCCCCC
QQQSSSSSIPFFFFFFFFFFFFFFF
AAAUUUUBIPFFFFFFFFFFFFFFF
VVXZZZZEIPFFFFFFFFFFFFFFF
VVMRRRREIPFFFFFFFFFFFFFFF
VVYDDDDEIPFFFFFFFFFFFFFFF
VVYJJTTEIPFFFFFFFFFFFFFFF
VVYJJTTEIPFFFFFFFFFFFFFFF
Case #54:
OOOOOOOOOOOOOOOOOOOOOOOOO
OOOOOOOOOOOOOOOOOOOOOOOOO
BBBBBBBBBBBBBBBBBBBBBBNNC
IIIIIRRRRRRRRRRRRRRRRRNNG
IIIIIQQQQQQQQQQQXXXXXXNNG
SSSSSHHHHHHHHHHHXXXXXXNNG
SSSSSHHHHHHHHHHHXXXXXXNNG
SSSSSUUUUUUUUUUUXXXXXXNNG
SSSSSUUUUUUUUUUUXXXXXXNNG
SSSSSUUUUUUUUUUUXXXXXXNNG
SSSSSEEEEEEEEEEEXXXXXXNNG
SSSSSEEEEEEEEEEEXXXXXXNNG
SSSSSPDDDDDDDDDDFFFFFFNNG
SSSSSPJJJJJJJJJJFFFFFFNNG
SSSSSPJJJJJJJJJJFFFFFFNNG
SSSSSPAAAAAAAAAAFFFFFFNNG
SSSSSPAAAAAAAAAATTTTTTNNG
SSSSSPVVVVVVVVVVTTTTTTNNG
SSSSSPVVVVVVVVVVTTTTTTNNG
SSSSSWVVVVVVVVVVTTTTTTNNG
ZZZZZWVVVVVVVVVVTTTTTTNNG
ZZZZZWYYYYYYYYYYKKKKKKNNG
ZZZZZWLLLLLLLLLLKKKKKKNNG
ZZZZZWMMMMMMMMMMKKKKKKNNG
ZZZZZWMMMMMMMMMMKKKKKKNNG
Case #55:
AAAAAAAAAAAAAAAAAAAAAAAAB
AAAAAAAAAAAAAAAAAAAAAAAAB
AAAAAAAAAAAAAAAAAAAAAAAAB
AAAAAAAAAAAAAAAAAAAAAAAAB
AAAAAAAAAAAAAAAAAAAAAAAAB
AAAAAAAAAAAAAAAAAAAAAAAAB
AAAAAAAAAAAAAAAAAAAAAAAAB
AAAAAAAAAAAAAAAAAAAAAAAAB
AAAAAAAAAAAAAAAAAAAAAAAAB
AAAAAAAAAAAAAAAAAAAAAAAAB
CCCCCCCCCCCCCCCCCCCCCCCCB
CCCCCCCCCCCCCCCCCCCCCCCCD
EEEEEEEEEEEEEEEEEEEEEEEED
EEEEEEEEEEEEEEEEEEEEEEEED
EEEEEEEEEEEEEEEEEEEEEEEED
EEEEEEEEEEEEEEEEEEEEEEEED
EEEEEEEEEEEEEEEEEEEEEEEED
EEEEEEEEEEEEEEEEEEEEEEEED
EEEEEEEEEEEEEEEEEEEEEEEED
EEEEEEEEEEEEEEEEEEEEEEEED
EEEEEEEEEEEEEEEEEEEEEEEED
EEEEEEEEEEEEEEEEEEEEEEEED
EEEEEEEEEEEEEEEEEEEEEEEED
EEEEEEEEEEEEEEEEEEEEEEEED
EEEEEEEEEEEEEEEEEEEEEEEED
Case #56:
FFFFFFFFFFFFFFFFFFFFFFFFX
FFFFFFFFFFFFFFFFFFFFFFFFX
FFFFFFFFFFFFFFFFFFFFFFFFX
AAAAAAAAAAAAAAAAAAAAAAAAX
BBBBBBBBBBBBBBBBBBBBBBBTS
RRRRRRRRRRRRRRRRRRRRRVZQS
NNNNNNNNNNNNNNNNNNNCCVZQS
NNNNNNNNNNNNNNNNNNNCCVZMO
NNNNNNNNNNNNNNNNNNNYKVEMP
NNNNNNNNNNNNNNNNNNNYKWJMP
NNNNNNNNNNNNNNNNNNNYKWJUD
NNNNNNNNNNNNNNNNNNNYKWHUL
NNNNNNNNNNNNNNNNNNNYKWHGL
NNNNNNNNNNNNNNNNNNNYKWHGL
NNNNNNNNNNNNNNNNNNNYKWHGI
NNNNNNNNNNNNNNNNNNNYKWHGI
NNNNNNNNNNNNNNNNNNNYKWHGI
NNNNNNNNNNNNNNNNNNNYKWHGI
NNNNNNNNNNNNNNNNNNNYKWHGI
NNNNNNNNNNNNNNNNNNNYKWHGI
NNNNNNNNNNNNNNNNNNNYKWHGI
NNNNNNNNNNNNNNNNNNNYKWHGI
NNNNNNNNNNNNNNNNNNNYKWHGI
NNNNNNNNNNNNNNNNNNNYKWHGI
NNNNNNNNNNNNNNNNNNNYKWHGI
Case #57:
AAA
AAA
AAA
AAA
AAA
Case #58:
ABCDEFGHIJKLMNOPQRSTUVWXY
ABCDEFGHIJKLMNOPQRSTUVWXY
ABCDEFGHIJKLMNOPQRSTUVWXY
ABCDEFGHIJKLMNOPQRSTUVWXY
ABCDEFGHIJKLMNOPQRSTUVWXY
ABCDEFGHIJKLMNOPQRSTUVWXY
ABCDEFGHIJKLMNOPQRSTUVWXY
ABCDEFGHIJKLMNOPQRSTUVWXY
ABCDEFGHIJKLMNOPQRSTUVWXY
ABCDEFGHIJKLMNOPQRSTUVWXY
ABCDEFGHIJKLMNOPQRSTUVWXY
ABCDEFGHIJKLMNOPQRSTUVWXY
ABCDEFGHIJKLMNOPQRSTUVWXY
ABCDEFGHIJKLMNOPQRSTUVWXY
ABCDEFGHIJKLMNOPQRSTUVWXY
ABCDEFGHIJKLMNOPQRSTUVWXY
ABCDEFGHIJKLMNOPQRSTUVWXY
ABCDEFGHIJKLMNOPQRSTUVWXY
ABCDEFGHIJKLMNOPQRSTUVWXY
ABCDEFGHIJKLMNOPQRSTUVWXY
ABCDEFGHIJKLMNOPQRSTUVWXY
ABCDEFGHIJKLMNOPQRSTUVWXY
ABCDEFGHIJKLMNOPQRSTUVWXY
ABCDEFGHIJKLMNOPQRSTUVWXY
ABCDEFGHIJKLMNOPQRSTUVWXY
Case #59:
JJJJJJJJJJJJJJJJJJJJJJJJJ
JJJJJJJJJJJJJJJJJJJJJJJJJ
MMMMMMMMMMMMMMXXXXXXXXXXX
WWWWWWWWWWWWWWXXXXXXXXXXX
WWWWWWWWWWWWWWXXXXXXXXXXX
WWWWWWWWWWWWWWXXXXXXXXXXX
KKKKKKKKKKKKKKXXXXXXXXXXX
KKKKKKKKKKKKKKVVVVVVVVVVV
KKKKKKKKKKKKKKVVVVVVVVVVV
HHHHHHHHHHHHHHZZZZZZZZZZZ
NNNNNNNNNNNNUUPPPPPPPPPPP
QQQQQQQQQQQQUUPPPPPPPPPPP
QQQQQQQQQQQQUUPPPPPPPPPPP
QQQQQQQQQQQQUUPPPPPPPPPPP
QQQQQQQQQQQQUUTTTTTTTTTTT
OOOOOOOOOOOOUUTTTTTTTTTTT
OOOOOOOOOOOOUUTTTTTTTTTTT
EEEEEEEEEEEEUUFFFFFFFFFFF
EEEEEEEEEEEEAARRRRRRRRRRR
EEEEEEEEEEEEAALLLLLLLLLLL
EEEEEEEEEEEEAALLLLLLLLLLL
EEEEEEEEEEEEBBSSSSSSSSSSS
IIIIIIIIIIIIBBYYYYYYYYYYY
GGGGGGGGGGGGBBCCCCCCCCCCC
DDDDDDDDDDDDBBCCCCCCCCCCC
Case #60:
AAAAAAAAAAAACCCCCCCCCCCCC
AAAAAAAAAAAACCCCCCCCCCCCC
AAAAAAAAAAAACCCCCCCCCCCCC
AAAAAAAAAAAACCCCCCCCCCCCC
AAAAAAAAAAAACCCCCCCCCCCCC
AAAAAAAAAAAACCCCCCCCCCCCC
AAAAAAAAAAAACCCCCCCCCCCCC
AAAAAAAAAAAAEEEEEEEEEEEEE
AAAAAAAAAAAAEEEEEEEEEEEEE
AAAAAAAAAAAAEEEEEEEEEEEEE
AAAAAAAAAAAAEEEEEEEEEEEEE
BBBBBBBBBBBBDDDDDDDDDDDDD
BBBBBBBBBBBBDDDDDDDDDDDDD
BBBBBBBBBBBBDDDDDDDDDDDDD
BBBBBBBBBBBBDDDDDDDDDDDDD
BBBBBBBBBBBBDDDDDDDDDDDDD
BBBBBBBBBBBBDDDDDDDDDDDDD
BBBBBBBBBBBBDDDDDDDDDDDDD
BBBBBBBBBBBBDDDDDDDDDDDDD
BBBBBBBBBBBBDDDDDDDDDDDDD
BBBBBBBBBBBBDDDDDDDDDDDDD
BBBBBBBBBBBBDDDDDDDDDDDDD
BBBBBBBBBBBBDDDDDDDDDDDDD
BBBBBBBBBBBBDDDDDDDDDDDDD
BBBBBBBBBBBBDDDDDDDDDDDDD
Case #61:
AAAA
AAAA
BBBB
Case #62:
GGGGGGGGGGGGGGOOOOOOOOOOO
GGGGGGGGGGGGGGOOOOOOOOOOO
GGGGGGGGGGGGGGOOOOOOOOOOO
GGGGGGGGGGGGGGOOOOOOOOOOO
GGGGGGGGGGGGGGOOOOOOOOOOO
GGGGGGGGGGGGGGOOOOOOOOOOO
GGGGGGGGGGGGGGOOOOOOOOOOO
GGGGGGGGGGGGGGOOOOOOOOOOO
GGGGGGGGGGGGGGOOOOOOOOOOO
GGGGGGGGGGGGGGOOOOOOOOOOO
GGGGGGGGGGGGGGOOOOOOOOOOO
GGGGGGGGGGGGGGMMMMMMMMMMM
GGGGGGGGGGGGGGMMMMMMMMMMM
JJJJJJJJJJJJJJFFFFFFFFFFF
LLLLLLLLLLLUYYXXXXXXXXXXX
SSSSSSSSSSPUYYXXXXXXXXXXX
QQQQQQQQQQPUHHVVVVVVVEEEE
QQQQQQQQQQPZBBKKWCDDDEEEE
QQQQQQQQQQPZAAKKWCDDDEEEE
QQQQQQQQQQPNAAKKTRDDDEEEE
QQQQQQQQQQPNAAKKTRDDDEEEE
QQQQQQQQQQPNIIKKTRDDDEEEE
QQQQQQQQQQPNIIKKTRDDDEEEE
QQQQQQQQQQPNIIKKTRDDDEEEE
QQQQQQQQQQPNIIKKTRDDDEEEE
Case #63:
ZZZZZZZZZZZZZZZZZZZZZZZMM
ZZZZZZZZZZZZZZZZZZZZZZZMM
ZZZZZZZZZZZZZZZZZZZZZZZMM
QQQQQQQQQQQQQQQQQQQQQQQMM
DDDDDDDDDDDDDDDDDDDDDUUMM
DDDDDDDDDDDDDDDDDDDDDUUMM
KKKKKKKKKKKKKKKKKKKKKUUMM
KKKKKKKKKKKKKKKKKKKKKUUMM
HHHHHHHHHHHHHHHHHHHHHUUMM
GGGGGGGGGGGGGGGGGGGGGUUMM
RRRRRRRRRRRRRRRRRRROOUUMM
RRRRRRRRRRRRRRRRRRROOUUMM
PPPPPPPPPPTTJJJJJJJXXUUMM
PPPPPPPPPPTTJJJJJJJXXUUMM
SSSSSSSSSSCCJJJJJJJVVUUMM
SSSSSSSSSSCCNNNNNNNVVUUMM
IIIIIIIIIICCNNNNNNNVVUUMM
IIIIIIIIIIBBNNNNNNNVVUUMM
IIIIIIIIIIAANNNNNNNVVEEMM
YYYYYYYYYYAANNNNNNNVVEEMM
YYYYYYYYYYAANNNNNNNVVEEMM
YYYYYYYYYYAALLLLLLLVVEEMM
FFFFFFFFFFAALLLLLLLVVEEMM
FFFFFFFFFFAALLLLLLLVVEEMM
FFFFFFFFFFAAWWWWWWWVVEEMM
Case #64:
HHHHHHHHHHHHHHHHHHHHHHHHH
IIIIIIIIIIIIIIIIIIIIIIAAA
EEEEEEEEEEEEEEEEEEEEEEAAA
EEEEEEEEEEEEEEEEEEEEEEBBB
EEEEEEEEEEEEEEEEEEEEEEBBB
KKKKKKKKKKTTTTTTTTTTTTBBB
MMMMMMMMMMTTTTTTTTTTTTBBB
MMMMMMMMMMTTTTTTTTTTTTBBB
MMMMMMMMMMTTTTTTTTTTTTDDD
ZZZZZZZZZZVVVVVVVVVVVVDDD
WWWWWWWWWWFFFFFFFFFFFFDDD
WWWWWWWWWWFFFFFFFFFFFFDDD
WWWWWWWWWWFFFFFFFFFFFFDDD
YYYYYYYYYYPPPPPPPPPPPPDDD
GGGGGNNLLLQQQQQQQQQQQQDDD
GGGGGNNLLLQQQQQQQQQQQQDDD
GGGGGNNLLLQQQQQQQQQQQQDDD
GGGGGNNLLLCCCCCCCCCCCCXXX
GGGGGNNLLLCCCCCCCCCCCCXXX
GGGGGNNLLLOOOOOOOOOOOOXXX
GGGGGNNLLLOOOOOOOOOOOOXXX
GGGGGNNLLLSSSSSSSSSSSSXXX
GGGGGNNLLLSSSSSSSSSSSSXXX
GGGGGNNLLLSSSSSSSSSSSSRRR
GGGGGNNLLLUUUUUUUJJJJJRRR
Case #65:
AAAAAAAAAAAAAAAAAAAAAAAAA
BBBBBBBBBBBBBBBBBBBBBBBBB
CCCCCCCCCCCCCCCCCCCCCCCCC
DDDDDDDDDDDDDDDDDDDDDDDDD
EEEEEEEEEEEEEEEEEEEEEEEEE
FFFFFFFFFFFFFFFFFFFFFFFFF
GGGGGGGGGGGGGGGGGGGGGGGGG
HHHHHHHHHHHHHHHHHHHHHHHHH
IIIIIIIIIIIIIIIIIIIIIIIII
JJJJJJJJJJJJJJJJJJJJJJJJJ
KKKKKKKKKKKKKKKKKKKKKKKKK
LLLLLLLLLLLLLLLLLLLLLLLLL
MMMMMMMMMMMMMMMMMMMMMMMMM
NNNNNNNNNNNNNNNNNNNNNNNNN
OOOOOOOOOOOOOOOOOOOOOOOOO
PPPPPPPPPPPPPPPPPPPPPPPPP
QQQQQQQQQQQQQQQQQQQQQQQQQ
RRRRRRRRRRRRRRRRRRRRRRRRR
SSSSSSSSSSSSSSSSSSSSSSSSS
TTTTTTTTTTTTTTTTTTTTTTTTT
UUUUUUUUUUUUUUUUUUUUUUUUU
VVVVVVVVVVVVVVVVVVVVVVVVV
WWWWWWWWWWWWWWWWWWWWWWWWW
XXXXXXXXXXXXXXXXXXXXXXXXX
YYYYYYYYYYYYYYYYYYYYYYYYY
Case #66:
AAAAAAAAAAAAAAAAAAAAAALLL
QQQQQQQQQQQQQQQQQQQQQQKKK
VVVVVVVVVVVVVVVVVVVVVSNNN
MMMMMMMMMMMMMMMMMMMMBZNNN
IIIIIIIIIIIIIIIIIIIIBZNNN
HHHHHHHHHHHHHHHHHFFFBZNNN
HHHHHHHHHHHHHHHHHFFFYZOOO
HHHHHHHHHHHHHHHHHEEEYZTTJ
HHHHHHHHHHHHHHHHHXXXYDTTJ
HHHHHHHHHHHHHHHHHXXXYDUUJ
HHHHHHHHHHHHHHHHHXXXYDPPJ
HHHHHHHHHHHHHHHHHXXXYDPPJ
HHHHHHHHHHHHHHHHHXXXYRWWJ
HHHHHHHHHHHHHHHHHXXXYRGCJ
HHHHHHHHHHHHHHHHHXXXYRGCJ
HHHHHHHHHHHHHHHHHXXXYRGCJ
HHHHHHHHHHHHHHHHHXXXYRGCJ
HHHHHHHHHHHHHHHHHXXXYRGCJ
HHHHHHHHHHHHHHHHHXXXYRGCJ
HHHHHHHHHHHHHHHHHXXXYRGCJ
HHHHHHHHHHHHHHHHHXXXYRGCJ
HHHHHHHHHHHHHHHHHXXXYRGCJ
HHHHHHHHHHHHHHHHHXXXYRGCJ
HHHHHHHHHHHHHHHHHXXXYRGCJ
HHHHHHHHHHHHHHHHHXXXYRGCJ
Case #67:
ABCDEFGHIJKLMNOPQRSTUVWXY
ABCDEFGHIJKLMNOPQRSTUVWXY
ABCDEFGHIJKLMNOPQRSTUVWXY
ABCDEFGHIJKLMNOPQRSTUVWXY
ABCDEFGHIJKLMNOPQRSTUVWXY
ABCDEFGHIJKLMNOPQRSTUVWXY
ABCDEFGHIJKLMNOPQRSTUVWXY
ABCDEFGHIJKLMNOPQRSTUVWXY
ABCDEFGHIJKLMNOPQRSTUVWXY
ABCDEFGHIJKLMNOPQRSTUVWXY
ABCDEFGHIJKLMNOPQRSTUVWXY
ABCDEFGHIJKLMNOPQRSTUVWXY
ABCDEFGHIJKLMNOPQRSTUVWXY
ABCDEFGHIJKLMNOPQRSTUVWXY
ABCDEFGHIJKLMNOPQRSTUVWXY
ABCDEFGHIJKLMNOPQRSTUVWXY
ABCDEFGHIJKLMNOPQRSTUVWXY
ABCDEFGHIJKLMNOPQRSTUVWXY
ABCDEFGHIJKLMNOPQRSTUVWXY
ABCDEFGHIJKLMNOPQRSTUVWXY
ABCDEFGHIJKLMNOPQRSTUVWXY
ABCDEFGHIJKLMNOPQRSTUVWXY
ABCDEFGHIJKLMNOPQRSTUVWXY
ABCDEFGHIJKLMNOPQRSTUVWXY
ABCDEFGHIJKLMNOPQRSTUVWXY
Case #68:
EEEEEEEEEEEEEEEEEEEEEEEEE
EEEEEEEEEEEEEEEEEEEEEEEEE
EEEEEEEEEEEEEEEEEEEEEEEEE
EEEEEEEEEEEEEEEEEEEEEEEEE
EEEEEEEEEEEEEEEEEEEEEEEEE
EEEEEEEEEEEEEEEEEEEEEEEEE
EEEEEEEEEEEEEEEEEEEEEEEEE
EEEEEEEEEEEEEEEEEEEEEEEEE
EEEEEEEEEEEEEEEEEEEEEEEEE
EEEEEEEEEEEEEEEEEEEEEEEEE
EEEEEEEEEEEEEEEEEEEEEEEEE
EEEEEEEEEEEEEEEEEEEEEEEEE
EEEEEEEEEEEEEEEEEEEEEEEEE
EEEEEEEEEEEEEEEEEEEEEEEEE
EEEEEEEEEEEEEEEEEEEEEEEEE
EEEEEEEEEEEEEEEEEEEEEEEEE
EEEEEEEEEEEEEEEEEEEEEEEEE
VVVVVVVVVVIIIIIIIIIIIIIII
MMMMMMMMMXHHHHHHHHHHHHHHH
BBBBBBWSSXKKKKKKKKKKKKKKK
NNNNNNQZFXCCCRYYYYYYYYYYY
UUUUUUQJGLAAARYYYYYYYYYYY
UUUUUUQOGLPPPRYYYYYYYYYYY
UUUUUUQOGLDDDRYYYYYYYYYYY
UUUUUUQOGTDDDRYYYYYYYYYYY
Case #69:
IIIIIIIIIIIIIIIIIIIIIIIII
IIIIIIIIIIIIIIIIIIIIIIIII
IIIIIIIIIIIIIIIIIIIIIIIII
DDDDDDDDDDDDDDDDDDDDDDDDD
OOOOOOOOOOOOOOOOOOOOOOOOO
NNNNNNNNNNNNNNNNNNNNNLLLL
GGGGGGGGGGGGGTTTTTTTTLLLL
HHHHHHHHHHHHHCCCCCCCCLLLL
HHHHHHHHHHHHHCCCCCCCCLLLL
HHHHHHHHHHHHHCCCCCCCCJJUU
HHHHHHHHHHHHHCCCCCCCCJJUU
RRRRRRRRRRRRRCCCCCCCCJJUU
WWWWWWWWWWEEECCCCCCCCQQUU
WWWWWWWWWWEEECCCCCCCCQQUU
WWWWWWWWWWEEECCCCCCCCQQUU
FFFFFFFFFFEEECCCCCCCCQQSS
FFFFFFFFFFEEECCCCCCCCQQVV
FFFFFFFFFFEEECCCCCCCCQQVV
FFFFFFFFFFEEECCCCCCCCQQVV
FFFFFFFFFFEEECCCCCCCCQQVV
KKKKKKKKKKEEEPPPPPPPPXXVV
KKKKKKKKKKEEEYYYYYYYYZZVV
KKKKKKKKKKEEEBBBBBBBBZZVV
KKKKKKKKKKEEEBBBBBBBBZZMM
KKKKKKKKKKEEEBBBBBBBBAAMM
Case #70:
ABCDEFGHIJKLMNOPQRSTUVWXY
ABCDEFGHIJKLMNOPQRSTUVWXY
ABCDEFGHIJKLMNOPQRSTUVWXY
ABCDEFGHIJKLMNOPQRSTUVWXY
ABCDEFGHIJKLMNOPQRSTUVWXY
ABCDEFGHIJKLMNOPQRSTUVWXY
ABCDEFGHIJKLMNOPQRSTUVWXY
ABCDEFGHIJKLMNOPQRSTUVWXY
ABCDEFGHIJKLMNOPQRSTUVWXY
ABCDEFGHIJKLMNOPQRSTUVWXY
ABCDEFGHIJKLMNOPQRSTUVWXY
ABCDEFGHIJKLMNOPQRSTUVWXY
ABCDEFGHIJKLMNOPQRSTUVWXY
ABCDEFGHIJKLMNOPQRSTUVWXY
ABCDEFGHIJKLMNOPQRSTUVWXY
ABCDEFGHIJKLMNOPQRSTUVWXY
ABCDEFGHIJKLMNOPQRSTUVWXY
ABCDEFGHIJKLMNOPQRSTUVWXY
ABCDEFGHIJKLMNOPQRSTUVWXY
ABCDEFGHIJKLMNOPQRSTUVWXY
ABCDEFGHIJKLMNOPQRSTUVWXY
ABCDEFGHIJKLMNOPQRSTUVWXY
ABCDEFGHIJKLMNOPQRSTUVWXY
ABCDEFGHIJKLMNOPQRSTUVWXY
ABCDEFGHIJKLMNOPQRSTUVWXY
Case #71:
AAAAAAAAAAAAAAAAAAAAAAAAA
BBBBBBBBBBBBBBBBBBBBBBBBB
CCCCCCCCCCCCCCCCCCCCCCCCC
DDDDDDDDDDDDDDDDDDDDDDDDD
EEEEEEEEEEEEEEEEEEEEEEEEE
FFFFFFFFFFFFFFFFFFFFFFFFF
GGGGGGGGGGGGGGGGGGGGGGGGG
HHHHHHHHHHHHHHHHHHHHHHHHH
IIIIIIIIIIIIIIIIIIIIIIIII
JJJJJJJJJJJJJJJJJJJJJJJJJ
KKKKKKKKKKKKKKKKKKKKKKKKK
LLLLLLLLLLLLLLLLLLLLLLLLL
MMMMMMMMMMMMMMMMMMMMMMMMM
NNNNNNNNNNNNNNNNNNNNNNNNN
OOOOOOOOOOOOOOOOOOOOOOOOO
PPPPPPPPPPPPPPPPPPPPPPPPP
QQQQQQQQQQQQQQQQQQQQQQQQQ
RRRRRRRRRRRRRRRRRRRRRRRRR
SSSSSSSSSSSSSSSSSSSSSSSSS
TTTTTTTTTTTTTTTTTTTTTTTTT
UUUUUUUUUUUUUUUUUUUUUUUUU
VVVVVVVVVVVVVVVVVVVVVVVVV
WWWWWWWWWWWWWWWWWWWWWWWWW
XXXXXXXXXXXXXXXXXXXXXXXXX
YYYYYYYYYYYYYYYYYYYYYYYYY
Case #72:
GGGGGGGGGGGGGGGGGGGGGGXXX
GGGGGGGGGGGGGGGGGGGGGGXXX
GGGGGGGGGGGGGGGGGGGGGGXXX
GGGGGGGGGGGGGGGGGGGGGGXXX
GGGGGGGGGGGGGGGGGGGGGGXXX
WWWWWWWWJJJJJJJJJJJJJJXXX
WWWWWWWWJJJJJJJJJJJJJJXXX
WWWWWWWWIIIIIIIIIIIIIIXXX
EEEEEEEEIIIIIIIIIIIIIITTT
EEEEEEEEIIIIIIIIIIIIIILLL
YYYYYYYYBBBBBBBBBBBBBBLLL
YYYYYYYYBBBBBBBBBBBBBBKKK
CCCCCCCCBBBBBBBBBBBBBBKKK
CCCCCCCCBBBBBBBBBBBBBBKKK
CCCCCCCCPPPPPPPPPPPPPPKKK
QQQQQQQQMMMMMMMMMMMMMMNNN
AAAAAAAAMMMMMMMMMMMMMMNNN
AAAAAAAAMMMMMMMMMMMMMMNNN
AAAAAAAARRRRRRRRRRRRRRNNN
AAAAAAAARRRRRRRRRRRRRRNNN
AAAAAAAAHHHHHHHHHHHHHHNNN
AAAAAAAADDDDDDDDDDDDDDNNN
AAAAAAAAOOOOOOOOOOOOOOVVV
AAAAAAAAUUUUUUUUUUUUUUSSS
AAAAAAAAZZFFFFFFFFFFFFSSS
Case #73:
AAA
AAA
AAA
AAA
Case #74:
A
A
Case #75:
A
B
Case #76:
GGA
CCE
BDF
Case #77:
F
F
D
D
D
M
M
H
C
G
E
E
B
B
B
B
K
I
I
A
A
J
J
L
L
Case #78:
AAACCCCCCCCCCCCCCCCCCCCCC
AAACCCCCCCCCCCCCCCCCCCCCC
AAACCCCCCCCCCCCCCCCCCCCCC
AAACCCCCCCCCCCCCCCCCCCCCC
AAACCCCCCCCCCCCCCCCCCCCCC
AAACCCCCCCCCCCCCCCCCCCCCC
AAACCCCCCCCCCCCCCCCCCCCCC
AAACCCCCCCCCCCCCCCCCCCCCC
AAACCCCCCCCCCCCCCCCCCCCCC
AAACCCCCCCCCCCCCCCCCCCCCC
AAACCCCCCCCCCCCCCCCCCCCCC
AAACCCCCCCCCCCCCCCCCCCCCC
AAACCCCCCCCCCCCCCCCCCCCCC
AAACCCCCCCCCCCCCCCCCCCCCC
AAACCCCCCCCCCCCCCCCCCCCCC
AAACCCCCCCCCCCCCCCCCCCCCC
AAACCCCCCCCCCCCCCCCCCCCCC
AAACCCCCCCCCCCCCCCCCCCCCC
AAACCCCCCCCCCCCCCCCCCCCCC
AAAEEEEEEEEEEEEEEEEEEEEEE
AAAEEEEEEEEEEEEEEEEEEEEEE
AAAEEEEEEEEEEEEEEEEEEEEEE
AAAEEEEEEEEEEEEEEEEEEEEEE
BBBDDDDDDDDDDDDDDDDDDDDDD
BBBDDDDDDDDDDDDDDDDDDDDDD
Case #79:
ABCDEFGHIJKLMNOPQRSTUVWXY
ABCDEFGHIJKLMNOPQRSTUVWXY
ABCDEFGHIJKLMNOPQRSTUVWXY
ABCDEFGHIJKLMNOPQRSTUVWXY
ABCDEFGHIJKLMNOPQRSTUVWXY
ABCDEFGHIJKLMNOPQRSTUVWXY
ABCDEFGHIJKLMNOPQRSTUVWXY
ABCDEFGHIJKLMNOPQRSTUVWXY
ABCDEFGHIJKLMNOPQRSTUVWXY
ABCDEFGHIJKLMNOPQRSTUVWXY
ABCDEFGHIJKLMNOPQRSTUVWXY
ABCDEFGHIJKLMNOPQRSTUVWXY
ABCDEFGHIJKLMNOPQRSTUVWXY
ABCDEFGHIJKLMNOPQRSTUVWXY
ABCDEFGHIJKLMNOPQRSTUVWXY
ABCDEFGHIJKLMNOPQRSTUVWXY
ABCDEFGHIJKLMNOPQRSTUVWXY
ABCDEFGHIJKLMNOPQRSTUVWXY
ABCDEFGHIJKLMNOPQRSTUVWXY
ABCDEFGHIJKLMNOPQRSTUVWXY
ABCDEFGHIJKLMNOPQRSTUVWXY
ABCDEFGHIJKLMNOPQRSTUVWXY
ABCDEFGHIJKLMNOPQRSTUVWXY
ABCDEFGHIJKLMNOPQRSTUVWXY
ABCDEFGHIJKLMNOPQRSTUVWXY
Case #80:
AAAAAAAAAAAAAAAAAAAAAAAAA
BBBBBBBBBBBBBBBBBBBBBBBBB
CCCCCCCCCCCCCCCCCCCCCCCCC
DDDDDDDDDDDDDDDDDDDDDDDDD
EEEEEEEEEEEEEEEEEEEEEEEEE
FFFFFFFFFFFFFFFFFFFFFFFFF
GGGGGGGGGGGGGGGGGGGGGGGGG
HHHHHHHHHHHHHHHHHHHHHHHHH
IIIIIIIIIIIIIIIIIIIIIIIII
JJJJJJJJJJJJJJJJJJJJJJJJJ
KKKKKKKKKKKKKKKKKKKKKKKKK
LLLLLLLLLLLLLLLLLLLLLLLLL
MMMMMMMMMMMMMMMMMMMMMMMMM
NNNNNNNNNNNNNNNNNNNNNNNNN
OOOOOOOOOOOOOOOOOOOOOOOOO
PPPPPPPPPPPPPPPPPPPPPPPPP
QQQQQQQQQQQQQQQQQQQQQQQQQ
RRRRRRRRRRRRRRRRRRRRRRRRR
SSSSSSSSSSSSSSSSSSSSSSSSS
TTTTTTTTTTTTTTTTTTTTTTTTT
UUUUUUUUUUUUUUUUUUUUUUUUU
VVVVVVVVVVVVVVVVVVVVVVVVV
WWWWWWWWWWWWWWWWWWWWWWWWW
XXXXXXXXXXXXXXXXXXXXXXXXX
YYYYYYYYYYYYYYYYYYYYYYYYY
Case #81:
AAAAAAAAACCCCCCCCCCCCCCCC
AAAAAAAAACCCCCCCCCCCCCCCC
AAAAAAAAACCCCCCCCCCCCCCCC
AAAAAAAAACCCCCCCCCCCCCCCC
AAAAAAAAAEEEEEEEEEEEEEEEE
AAAAAAAAAEEEEEEEEEEEEEEEE
AAAAAAAAAEEEEEEEEEEEEEEEE
AAAAAAAAAEEEEEEEEEEEEEEEE
BBBBBBBBBDDDDDDDDDDDDDDDD
BBBBBBBBBDDDDDDDDDDDDDDDD
BBBBBBBBBDDDDDDDDDDDDDDDD
BBBBBBBBBDDDDDDDDDDDDDDDD
BBBBBBBBBDDDDDDDDDDDDDDDD
BBBBBBBBBFFFFFFFFFFFGGGGG
BBBBBBBBBHHHHHHHHHHHGGGGG
BBBBBBBBBHHHHHHHHHHHIIIII
BBBBBBBBBJJJJJJJJJJJIIIII
BBBBBBBBBJJJJJJJJJJJIIIII
BBBBBBBBBJJJJJJJJJJJIIIII
BBBBBBBBBJJJJJJJJJJJIIIII
BBBBBBBBBJJJJJJJJJJJIIIII
BBBBBBBBBJJJJJJJJJJJIIIII
BBBBBBBBBJJJJJJJJJJJIIIII
BBBBBBBBBJJJJJJJJJJJIIIII
BBBBBBBBBJJJJJJJJJJJIIIII
Case #82:
VVVVVVVVVVVVVVVVVVVVVVVVV
ZZZZZZZZWWWWWWWWWWWWWWWWW
ZZZZZZZZGGGGGGGGGGGGGGGGG
ZZZZZZZZDDDDDDDDDDDDDDDDD
ZZZZZZZZMMMMMMMMMMMMMMMMM
QQQQQQQQMMMMMMMMMMMMMMMMM
QQQQQQQQFFFFFFFFFFFFFFFFF
PPKKKKEEIIIIIIIIIIIIIIIII
PPKKKKTTIIIIIIIIIIIIIIIII
PPKKKKTTIIIIIIIIIIIIIIIII
PPKKKKTTRRRRRRRRRRRRRRRRR
PPKKKKTTRRRRRRRRRRRRRRRRR
PPKKKKTTHHHHHHHHHHHHHHHHH
PPKKKKTTHHHHHHHHHHHHHHHHH
PPKKKKTTHHHHHHHHHHHHHHHHH
PPKKKKTTHHHHHHHHHHHHHHHHH
PPYYYYTTHHHHHHHHHHHHHHHHH
PPYYYYTTSSSSSSSSCCCCCCCCC
PPYYYYTTSSSSSSSSAAAAAAAAA
PPYYYYTTUUUUUUUUAAAAAAAAA
JJYYYYTTUUUUUUUUNNNNNNNNX
JJYYYYTTBBBBBBBBOOOOOOOOX
JJYYYYTTBBBBBBBBOOOOOOOOX
JJLLLLTTBBBBBBBBOOOOOOOOX
JJLLLLTTBBBBBBBBOOOOOOOOX
Case #83:
AAAAAACCCCCCCCCCCCCCCCCCC
AAAAAACCCCCCCCCCCCCCCCCCC
AAAAAACCCCCCCCCCCCCCCCCCC
AAAAAACCCCCCCCCCCCCCCCCCC
AAAAAACCCCCCCCCCCCCCCCCCC
AAAAAACCCCCCCCCCCCCCCCCCC
AAAAAACCCCCCCCCCCCCCCCCCC
AAAAAAEEEEEEEEEEEEEEEEEEE
AAAAAAEEEEEEEEEEEEEEEEEEE
AAAAAAEEEEEEEEEEEEEEEEEEE
AAAAAAEEEEEEEEEEEEEEEEEEE
BBBBBBDDDDDDDDDDDDDDDDDDD
BBBBBBDDDDDDDDDDDDDDDDDDD
BBBBBBDDDDDDDDDDDDDDDDDDD
BBBBBBDDDDDDDDDDDDDDDDDDD
BBBBBBDDDDDDDDDDDDDDDDDDD
BBBBBBDDDDDDDDDDDDDDDDDDD
BBBBBBDDDDDDDDDDDDDDDDDDD
BBBBBBDDDDDDDDDDDDDDDDDDD
BBBBBBFFFFFFFFFFFFFFGGGGG
BBBBBBHHHHHHHHHHHHHHGGGGG
BBBBBBHHHHHHHHHHHHHHIIIII
BBBBBBJJJJJJJJJJJJJJIIIII
BBBBBBJJJJJJJJJJJJJJIIIII
BBBBBBJJJJJJJJJJJJJJIIIII
Case #84:
AAAAAAABBBBBBBBBBBBBBBBBB
AAAAAAABBBBBBBBBBBBBBBBBB
AAAAAAABBBBBBBBBBBBBBBBBB
AAAAAAABBBBBBBBBBBBBBBBBB
AAAAAAABBBBBBBBBBBBBBBBBB
CCCCCCCBBBBBBBBBBBBBBBBBB
CCCCCCCDDDDDDDDDDDDDDDDDD
EEEEEEEDDDDDDDDDDDDDDDDDD
EEEEEEEDDDDDDDDDDDDDDDDDD
EEEEEEEDDDDDDDDDDDDDDDDDD
EEEEEEEDDDDDDDDDDDDDDDDDD
EEEEEEEDDDDDDDDDDDDDDDDDD
EEEEEEEDDDDDDDDDDDDDDDDDD
EEEEEEEDDDDDDDDDDDDDDDDDD
EEEEEEEFFFFFFFFFFFFFFHHHH
EEEEEEEFFFFFFFFFFFFFFJJJJ
EEEEEEEFFFFFFFFFFFFFFJJJJ
EEEEEEEFFFFFFFFFFFFFFJJJJ
EEEEEEEFFFFFFFFFFFFFFJJJJ
EEEEEEEGGGGGGGGGGGGGGIIII
EEEEEEEGGGGGGGGGGGGGGIIII
EEEEEEEGGGGGGGGGGGGGGIIII
EEEEEEEGGGGGGGGGGGGGGIIII
EEEEEEEGGGGGGGGGGGGGGIIII
EEEEEEEGGGGGGGGGGGGGGIIII
Case #85:
AAAAAAACCCCCCCCCCCCCCCCCC
AAAAAAACCCCCCCCCCCCCCCCCC
AAAAAAACCCCCCCCCCCCCCCCCC
AAAAAAACCCCCCCCCCCCCCCCCC
AAAAAAACCCCCCCCCCCCCCCCCC
AAAAAAACCCCCCCCCCCCCCCCCC
AAAAAAACCCCCCCCCCCCCCCCCC
AAAAAAACCCCCCCCCCCCCCCCCC
AAAAAAACCCCCCCCCCCCCCCCCC
AAAAAAACCCCCCCCCCCCCCCCCC
AAAAAAACCCCCCCCCCCCCCCCCC
AAAAAAACCCCCCCCCCCCCCCCCC
AAAAAAAEEEEEEEEEEEEEEEEEE
AAAAAAAEEEEEEEEEEEEEEEEEE
AAAAAAAEEEEEEEEEEEEEEEEEE
AAAAAAAEEEEEEEEEEEEEEEEEE
BBBBBBBDDDDDDDDDDDDDDDDDD
BBBBBBBDDDDDDDDDDDDDDDDDD
BBBBBBBDDDDDDDDDDDDDDDDDD
BBBBBBBDDDDDDDDDDDDDDDDDD
BBBBBBBDDDDDDDDDDDDDDDDDD
BBBBBBBDDDDDDDDDDDDDDDDDD
BBBBBBBDDDDDDDDDDDDDDDDDD
BBBBBBBDDDDDDDDDDDDDDDDDD
BBBBBBBDDDDDDDDDDDDDDDDDD
Case #86:
ABCDEFGHIJKLMNOPQRSTUVWXY
ABCDEFGHIJKLMNOPQRSTUVWXY
ABCDEFGHIJKLMNOPQRSTUVWXY
ABCDEFGHIJKLMNOPQRSTUVWXY
ABCDEFGHIJKLMNOPQRSTUVWXY
ABCDEFGHIJKLMNOPQRSTUVWXY
ABCDEFGHIJKLMNOPQRSTUVWXY
ABCDEFGHIJKLMNOPQRSTUVWXY
ABCDEFGHIJKLMNOPQRSTUVWXY
ABCDEFGHIJKLMNOPQRSTUVWXY
ABCDEFGHIJKLMNOPQRSTUVWXY
ABCDEFGHIJKLMNOPQRSTUVWXY
ABCDEFGHIJKLMNOPQRSTUVWXY
ABCDEFGHIJKLMNOPQRSTUVWXY
ABCDEFGHIJKLMNOPQRSTUVWXY
ABCDEFGHIJKLMNOPQRSTUVWXY
ABCDEFGHIJKLMNOPQRSTUVWXY
ABCDEFGHIJKLMNOPQRSTUVWXY
ABCDEFGHIJKLMNOPQRSTUVWXY
ABCDEFGHIJKLMNOPQRSTUVWXY
ABCDEFGHIJKLMNOPQRSTUVWXY
ABCDEFGHIJKLMNOPQRSTUVWXY
ABCDEFGHIJKLMNOPQRSTUVWXY
ABCDEFGHIJKLMNOPQRSTUVWXY
ABCDEFGHIJKLMNOPQRSTUVWXY
Case #87:
BC
DA
Case #88:
AA
Case #89:
TTTTTTTTTTTTTTTTTTTTTTTTT
TTTTTTTTTTTTTTTTTTTTTTTTT
TTTTTTTTTTTTTTTTTTTTTTTTT
TTTTTTTTTTTTTTTTTTTTTTTTT
TTTTTTTTTTTTTTTTTTTTTTTTT
TTTTTTTTTTTTTTTTTTTTTTTTT
TTTTTTTTTTTTTTTTTTTTTTTTT
TTTTTTTTTTTTTTTTTTTTTTTTT
TTTTTTTTTTTTTTTTTTTTTTTTT
TTTTTTTTTTTTTTTTTTTTTTTTT
TTTTTTTTTTTTTTTTTTTTTTTTT
TTTTTTTTTTTTTTTTTTTTTTTTT
TTTTTTTTTTTTTTTTTTTTTTTTT
TTTTTTTTTTTTTTTTTTTTTTTTT
TTTTTTTTTTTTTTTTTTTTTTTTT
TTTTTTTTTTTTTTTTTTTTTTTTT
OOOOOOOOOOOOOOOOOOOOOOOOO
GGGGGGGGGGGFCCCCCCCCCCCCC
ZZZZZZZZZZZFUUUUUUUUUUUUU
KKKKKKKKKKKHJJJJEEEEEEEEE
WWWWWWBBBBBARRRREEEEEEEEE
YYYYYYBBBBBARRRREEEEEEEEE
IIIIISVVVVVARRRREEEEEEEEE
IIIIILMMMQQARRRRXXXXXXXXX
PPPPPLDDDNNARRRRXXXXXXXXX
Case #90:
ZZZZZZZZZZZZZZZZZZZZZZZZZ
KKKKKKKKKKKKKKKKKKKKKKKKK
DDDDDDDDDDDDDDDDDDDDDDDDD
DDDDDDDDDDDDDDDDDDDDDDDDD
JJJJJJJJJJJJJJJJJJJJJJJJJ
NNNNNNNNNNNNNRRRRRRRRPPPP
NNNNNNNNNNNNNRRRRRRRRPPPP
NNNNNNNNNNNNNRRRRRRRRPPPP
NNNNNNNNNNNNNRRRRRRRRMMMM
NNNNNNNNNNNNNRRRRRRRRFFFF
NNNNNNNNNNNNNOOOOOOLLFFFF
CCCCCCCCCCCCCOOOOOOLLFFFF
CCCCCCCCCCCCCWWWWWWLLHHHH
CCCCCCCCCCCCCWWWWWWLLHHHH
CCCCCCCCCCCCCWWWWWWLLHHHH
CCCCCCCCCCCCCWWWWWWLLSSSS
BBBBBBBBBBBBBWWWWWWTTSSSS
EEEEEEEEEEEEEWWWWWWTTSSSS
EEEEEEEEEEEEEYYYYYATTSSSS
IIIIIUUUUUUVVYYYYYAQQSSSS
IIIIIUUUUUUVVYYYYYAQQSSSS
GGGGGUUUUUUVVYYYYYAQQSSSS
XXXXXUUUUUUVVYYYYYAQQSSSS
XXXXXUUUUUUVVYYYYYAQQSSSS
XXXXXUUUUUUVVYYYYYAQQSSSS
Case #91:
CCCJH
BAKFG
DAIEG
Case #92:
AABBCCDDEEFFGGHHIIJJKKLLM
NNOOPPQQRRSSTTUUVVWWXXYYM
ZZOOPPQQRRSSTTUUVVWWXXYYM
ZZOOPPQQRRSSTTUUVVWWXXYYM
ZZOOPPQQRRSSTTUUVVWWXXYYM
ZZOOPPQQRRSSTTUUVVWWXXYYM
ZZOOPPQQRRSSTTUUVVWWXXYYM
ZZOOPPQQRRSSTTUUVVWWXXYYM
ZZOOPPQQRRSSTTUUVVWWXXYYM
ZZOOPPQQRRSSTTUUVVWWXXYYM
ZZOOPPQQRRSSTTUUVVWWXXYYM
ZZOOPPQQRRSSTTUUVVWWXXYYM
ZZOOPPQQRRSSTTUUVVWWXXYYM
ZZOOPPQQRRSSTTUUVVWWXXYYM
ZZOOPPQQRRSSTTUUVVWWXXYYM
ZZOOPPQQRRSSTTUUVVWWXXYYM
ZZOOPPQQRRSSTTUUVVWWXXYYM
ZZOOPPQQRRSSTTUUVVWWXXYYM
ZZOOPPQQRRSSTTUUVVWWXXYYM
ZZOOPPQQRRSSTTUUVVWWXXYYM
ZZOOPPQQRRSSTTUUVVWWXXYYM
ZZOOPPQQRRSSTTUUVVWWXXYYM
ZZOOPPQQRRSSTTUUVVWWXXYYM
ZZOOPPQQRRSSTTUUVVWWXXYYM
ZZOOPPQQRRSSTTUUVVWWXXYYM
Case #93:
ZZZZZZZZZZZZZZZZZZZZNNXXX
ZZZZZZZZZZZZZZZZZZZZNNXXX
ZZZZZZZZZZZZZZZZZZZZNNXXX
ZZZZZZZZZZZZZZZZZZZZNNXXX
ZZZZZZZZZZZZZZZZZZZZNNXXX
ZZZZZZZZZZZZZZZZZZZZNNXXX
ZZZZZZZZZZZZZZZZZZZZNNXXX
ZZZZZZZZZZZZZZZZZZZZNNXXX
ZZZZZZZZZZZZZZZZZZZZSFXXX
VVVVVVVVVVVVVVVVVVVVSFXXX
VVVVVVVVVVVVVVVVVVVVSFKKK
RRRRRRRRRRRRRRRRRRRRSFKKK
RRRRRRRRRRRRRRRRRRRRSBKKK
LLLLLLLLLLLLLQQQQQQQSBKKK
LLLLLLLLLLLLLWWWWWWWSBOOO
LLLLLLLLLLLLLDDDDYYESMTTT
LLLLLLLLLLLLLDDDDYYESMGGG
LLLLLLLLLLLLLIIIIYYEHMCCC
LLLLLLLLLLLLLIIIIYYEHMAAA
LLLLLLLLLLLLLIIIIUUJHMAAA
LLLLLLLLLLLLLIIIIUUJHPAAA
LLLLLLLLLLLLLIIIIUUJHPAAA
LLLLLLLLLLLLLIIIIUUJHPAAA
LLLLLLLLLLLLLIIIIUUJHPAAA
LLLLLLLLLLLLLIIIIUUJHPAAA
Case #94:
AAAAAAAAAAAAAAAAAACCCCCCC
AAAAAAAAAAAAAAAAAACCCCCCC
AAAAAAAAAAAAAAAAAACCCCCCC
AAAAAAAAAAAAAAAAAACCCCCCC
AAAAAAAAAAAAAAAAAACCCCCCC
AAAAAAAAAAAAAAAAAACCCCCCC
AAAAAAAAAAAAAAAAAACCCCCCC
AAAAAAAAAAAAAAAAAACCCCCCC
AAAAAAAAAAAAAAAAAACCCCCCC
AAAAAAAAAAAAAAAAAACCCCCCC
AAAAAAAAAAAAAAAAAACCCCCCC
AAAAAAAAAAAAAAAAAACCCCCCC
AAAAAAAAAAAAAAAAAACCCCCCC
AAAAAAAAAAAAAAAAAACCCCCCC
AAAAAAAAAAAAAAAAAAEEEEEEE
AAAAAAAAAAAAAAAAAAEEEEEEE
AAAAAAAAAAAAAAAAAAEEEEEEE
AAAAAAAAAAAAAAAAAAEEEEEEE
BBBBBBBBBBBBBBBBBBDDDDDDD
BBBBBBBBBBBBBBBBBBDDDDDDD
BBBBBBBBBBBBBBBBBBDDDDDDD
BBBBBBBBBBBBBBBBBBDDDDDDD
BBBBBBBBBBBBBBBBBBDDDDDDD
BBBBBBBBBBBBBBBBBBDDDDDDD
BBBBBBBBBBBBBBBBBBDDDDDDD
Case #95:
KKKRDG
JNPRDO
CLPRDI
CLABDI
CHQEDI
MHQFDI
Case #96:
BBBB
JJJE
AIDF
AIGC
AIGH
AIGH
Case #97:
AAAAAAAAACCCCCCCCCCCCCCCC
AAAAAAAAACCCCCCCCCCCCCCCC
AAAAAAAAACCCCCCCCCCCCCCCC
AAAAAAAAACCCCCCCCCCCCCCCC
AAAAAAAAACCCCCCCCCCCCCCCC
AAAAAAAAACCCCCCCCCCCCCCCC
AAAAAAAAAEEEEEEEEEEEEEEEE
AAAAAAAAAEEEEEEEEEEEEEEEE
AAAAAAAAAEEEEEEEEEEEEEEEE
AAAAAAAAAEEEEEEEEEEEEEEEE
BBBBBBBBBDDDDDDDDDDDDDDDD
BBBBBBBBBDDDDDDDDDDDDDDDD
BBBBBBBBBDDDDDDDDDDDDDDDD
BBBBBBBBBFFFFFFFFFFFFFGGG
BBBBBBBBBHHHHHHHHHHHHHGGG
BBBBBBBBBHHHHHHHHHHHHHIII
BBBBBBBBBJJJJJJJJJJJJJIII
BBBBBBBBBJJJJJJJJJJJJJIII
BBBBBBBBBJJJJJJJJJJJJJIII
BBBBBBBBBJJJJJJJJJJJJJIII
BBBBBBBBBJJJJJJJJJJJJJIII
BBBBBBBBBJJJJJJJJJJJJJIII
BBBBBBBBBJJJJJJJJJJJJJIII
BBBBBBBBBJJJJJJJJJJJJJIII
BBBBBBBBBJJJJJJJJJJJJJIII
Case #98:
AAAAAAAAAABBBBBBBBBBBBBBB
AAAAAAAAAABBBBBBBBBBBBBBB
AAAAAAAAAABBBBBBBBBBBBBBB
AAAAAAAAAABBBBBBBBBBBBBBB
AAAAAAAAAABBBBBBBBBBBBBBB
AAAAAAAAAABBBBBBBBBBBBBBB
AAAAAAAAAABBBBBBBBBBBBBBB
AAAAAAAAAABBBBBBBBBBBBBBB
AAAAAAAAAABBBBBBBBBBBBBBB
AAAAAAAAAABBBBBBBBBBBBBBB
CCCCCCCCCCBBBBBBBBBBBBBBB
CCCCCCCCCCDDDDDDDDDDDDDDD
EEEEEEEEEEDDDDDDDDDDDDDDD
EEEEEEEEEEDDDDDDDDDDDDDDD
EEEEEEEEEEDDDDDDDDDDDDDDD
EEEEEEEEEEDDDDDDDDDDDDDDD
EEEEEEEEEEDDDDDDDDDDDDDDD
EEEEEEEEEEDDDDDDDDDDDDDDD
EEEEEEEEEEDDDDDDDDDDDDDDD
EEEEEEEEEEDDDDDDDDDDDDDDD
EEEEEEEEEEDDDDDDDDDDDDDDD
EEEEEEEEEEDDDDDDDDDDDDDDD
EEEEEEEEEEDDDDDDDDDDDDDDD
EEEEEEEEEEDDDDDDDDDDDDDDD
EEEEEEEEEEDDDDDDDDDDDDDDD
Case #99:
EEEEEEEEEEEEEEEEEEEEEEEEE
EEEEEEEEEEEEEEEEEEEEEEEEE
EEEEEEEEEEEEEEEEEEEEEEEEE
EEEEEEEEEEEEEEEEEEEEEEEEE
EEEEEEEEEEEEEEEEEEEEEEEEE
EEEEEEEEEEEEEEEEEEEEEEEEE
EEEEEEEEEEEEEEEEEEEEEEEEE
EEEEEEEEEEEEEEEEEEEEEEEEE
EEEEEEEEEEEEEEEEEEEEEEEEE
EEEEEEEEEEEEEEEEEEEEEEEEE
EEEEEEEEEEEEEEEEEEEEEEEEE
NNFFFFFFFFFFFFFFFFFFFFFFF
GLFFFFFFFFFFFFFFFFFFFFFFF
GLWIRRRRRRRRRRRRRRRRRRRRR
GCWSOMMMMMMMMMMMMMMMMMMMM
GAWSOYYYYYYYYYYYYYYYYYYYY
GAWSHDDDDDDDDDDDDDDDDDDDD
ZQUPHDDDDDDDDDDDDDDDDDDDD
BQUJVDDDDDDDDDDDDDDDDDDDD
BTXJVDDDDDDDDDDDDDDDDDDDD
BKXJVDDDDDDDDDDDDDDDDDDDD
BKXJVDDDDDDDDDDDDDDDDDDDD
BKXJVDDDDDDDDDDDDDDDDDDDD
BKXJVDDDDDDDDDDDDDDDDDDDD
BKXJVDDDDDDDDDDDDDDDDDDDD
Case #100:
PP
BU
ZU
RC
OC
AS
AS
HS
WD
WE
MK
MK
QL
GL
GL
GT
JX
YX
YX
YV
YV
YI
YI
YI
FN
